{"meta": {"format": 3, "version": "7.13.5", "timestamp": "2026-06-20T22:38:56.245043", "branch_coverage": false, "show_contexts": false}, "files": {"siglab/__init__.py": {"executed_lines": [1, 3], "summary": {"covered_lines": 2, "num_statements": 2, "percent_covered": 100.0, "percent_covered_display": "100", "missing_lines": 0, "excluded_lines": 0, "percent_statements_covered": 100.0, "percent_statements_covered_display": "100"}, "missing_lines": [], "excluded_lines": [], "functions": {"": {"executed_lines": [1, 3], "summary": {"covered_lines": 2, "num_statements": 2, "percent_covered": 100.0, "percent_covered_display": "100", "missing_lines": 0, "excluded_lines": 0, "percent_statements_covered": 100.0, "percent_statements_covered_display": "100"}, "missing_lines": [], "excluded_lines": [], "start_line": 1}}, "classes": {"": {"executed_lines": [1, 3], "summary": {"covered_lines": 2, "num_statements": 2, "percent_covered": 100.0, "percent_covered_display": "100", "missing_lines": 0, "excluded_lines": 0, "percent_statements_covered": 100.0, "percent_statements_covered_display": "100"}, "missing_lines": [], "excluded_lines": [], "start_line": 1}}}, "siglab/__main__.py": {"executed_lines": [], "summary": {"covered_lines": 0, "num_statements": 1, "percent_covered": 0.0, "percent_covered_display": "0", "missing_lines": 1, "excluded_lines": 2, "percent_statements_covered": 0.0, "percent_statements_covered_display": "0"}, "missing_lines": [1], "excluded_lines": [4, 5], "functions": {"": {"executed_lines": [], "summary": {"covered_lines": 0, "num_statements": 1, "percent_covered": 0.0, "percent_covered_display": "0", "missing_lines": 1, "excluded_lines": 2, "percent_statements_covered": 0.0, "percent_statements_covered_display": "0"}, "missing_lines": [1], "excluded_lines": [4, 5], "start_line": 1}}, "classes": {"": {"executed_lines": [], "summary": {"covered_lines": 0, "num_statements": 1, "percent_covered": 0.0, "percent_covered_display": "0", "missing_lines": 1, "excluded_lines": 2, "percent_statements_covered": 0.0, "percent_statements_covered_display": "0"}, "missing_lines": [1], "excluded_lines": [4, 5], "start_line": 1}}}, "siglab/assets/__init__.py": {"executed_lines": [], "summary": {"covered_lines": 0, "num_statements": 0, "percent_covered": 100.0, "percent_covered_display": "100", "missing_lines": 0, "excluded_lines": 0, "percent_statements_covered": 100.0, "percent_statements_covered_display": "100"}, "missing_lines": [], "excluded_lines": [], "functions": {"": {"executed_lines": [], "summary": {"covered_lines": 0, "num_statements": 0, "percent_covered": 100.0, "percent_covered_display": "100", "missing_lines": 0, "excluded_lines": 0, "percent_statements_covered": 100.0, "percent_statements_covered_display": "100"}, "missing_lines": [], "excluded_lines": [], "start_line": 1}}, "classes": {"": {"executed_lines": [], "summary": {"covered_lines": 0, "num_statements": 0, "percent_covered": 100.0, "percent_covered_display": "100", "missing_lines": 0, "excluded_lines": 0, "percent_statements_covered": 100.0, "percent_statements_covered_display": "100"}, "missing_lines": [], "excluded_lines": [], "start_line": 1}}}, "siglab/cli/__init__.py": {"executed_lines": [7, 9, 10, 11, 12, 17, 25, 34, 41, 47, 52], "summary": {"covered_lines": 11, "num_statements": 71, "percent_covered": 15.492957746478874, "percent_covered_display": "15", "missing_lines": 60, "excluded_lines": 2, "percent_statements_covered": 15.492957746478874, "percent_statements_covered_display": "15"}, "missing_lines": [56, 58, 59, 65, 68, 77, 78, 79, 80, 81, 82, 83, 84, 86, 89, 90, 93, 94, 95, 96, 97, 98, 99, 100, 101, 102, 103, 104, 105, 106, 107, 108, 109, 110, 111, 112, 113, 114, 115, 116, 117, 118, 119, 120, 121, 122, 123, 124, 125, 126, 127, 128, 129, 130, 131, 132, 133, 134, 135, 136], "excluded_lines": [138, 139], "functions": {"main": {"executed_lines": [], "summary": {"covered_lines": 0, "num_statements": 60, "percent_covered": 0.0, "percent_covered_display": "0", "missing_lines": 60, "excluded_lines": 0, "percent_statements_covered": 0.0, "percent_statements_covered_display": "0"}, "missing_lines": [56, 58, 59, 65, 68, 77, 78, 79, 80, 81, 82, 83, 84, 86, 89, 90, 93, 94, 95, 96, 97, 98, 99, 100, 101, 102, 103, 104, 105, 106, 107, 108, 109, 110, 111, 112, 113, 114, 115, 116, 117, 118, 119, 120, 121, 122, 123, 124, 125, 126, 127, 128, 129, 130, 131, 132, 133, 134, 135, 136], "excluded_lines": [], "start_line": 52}, "": {"executed_lines": [7, 9, 10, 11, 12, 17, 25, 34, 41, 47, 52], "summary": {"covered_lines": 11, "num_statements": 11, "percent_covered": 100.0, "percent_covered_display": "100", "missing_lines": 0, "excluded_lines": 2, "percent_statements_covered": 100.0, "percent_statements_covered_display": "100"}, "missing_lines": [], "excluded_lines": [138, 139], "start_line": 1}}, "classes": {"": {"executed_lines": [7, 9, 10, 11, 12, 17, 25, 34, 41, 47, 52], "summary": {"covered_lines": 11, "num_statements": 71, "percent_covered": 15.492957746478874, "percent_covered_display": "15", "missing_lines": 60, "excluded_lines": 2, "percent_statements_covered": 15.492957746478874, "percent_statements_covered_display": "15"}, "missing_lines": [56, 58, 59, 65, 68, 77, 78, 79, 80, 81, 82, 83, 84, 86, 89, 90, 93, 94, 95, 96, 97, 98, 99, 100, 101, 102, 103, 104, 105, 106, 107, 108, 109, 110, 111, 112, 113, 114, 115, 116, 117, 118, 119, 120, 121, 122, 123, 124, 125, 126, 127, 128, 129, 130, 131, 132, 133, 134, 135, 136], "excluded_lines": [138, 139], "start_line": 1}}}, "siglab/cli/__main__.py": {"executed_lines": [], "summary": {"covered_lines": 0, "num_statements": 1, "percent_covered": 0.0, "percent_covered_display": "0", "missing_lines": 1, "excluded_lines": 2, "percent_statements_covered": 0.0, "percent_statements_covered_display": "0"}, "missing_lines": [3], "excluded_lines": [5, 6], "functions": {"": {"executed_lines": [], "summary": {"covered_lines": 0, "num_statements": 1, "percent_covered": 0.0, "percent_covered_display": "0", "missing_lines": 1, "excluded_lines": 2, "percent_statements_covered": 0.0, "percent_statements_covered_display": "0"}, "missing_lines": [3], "excluded_lines": [5, 6], "start_line": 1}}, "classes": {"": {"executed_lines": [], "summary": {"covered_lines": 0, "num_statements": 1, "percent_covered": 0.0, "percent_covered_display": "0", "missing_lines": 1, "excluded_lines": 2, "percent_statements_covered": 0.0, "percent_statements_covered_display": "0"}, "missing_lines": [3], "excluded_lines": [5, 6], "start_line": 1}}}, "siglab/cli/dashboard.py": {"executed_lines": [], "summary": {"covered_lines": 0, "num_statements": 43, "percent_covered": 0.0, "percent_covered_display": "0", "missing_lines": 43, "excluded_lines": 1, "percent_statements_covered": 0.0, "percent_statements_covered_display": "0"}, "missing_lines": [6, 8, 9, 10, 12, 14, 17, 19, 23, 24, 25, 28, 32, 35, 39, 40, 41, 44, 46, 48, 49, 50, 52, 53, 62, 64, 67, 69, 70, 72, 73, 74, 81, 82, 83, 84, 85, 86, 87, 88, 89, 90, 91], "excluded_lines": [92], "functions": {"add_subparser": {"executed_lines": [], "summary": {"covered_lines": 0, "num_statements": 10, "percent_covered": 0.0, "percent_covered_display": "0", "missing_lines": 10, "excluded_lines": 0, "percent_statements_covered": 0.0, "percent_statements_covered_display": "0"}, "missing_lines": [19, 23, 24, 25, 28, 32, 35, 39, 40, 41], "excluded_lines": [], "start_line": 17}, "run_dashboard_start": {"executed_lines": [], "summary": {"covered_lines": 0, "num_statements": 6, "percent_covered": 0.0, "percent_covered_display": "0", "missing_lines": 6, "excluded_lines": 0, "percent_statements_covered": 0.0, "percent_statements_covered_display": "0"}, "missing_lines": [46, 48, 49, 50, 52, 53], "excluded_lines": [], "start_line": 44}, "run_dashboard": {"executed_lines": [], "summary": {"covered_lines": 0, "num_statements": 1, "percent_covered": 0.0, "percent_covered_display": "0", "missing_lines": 1, "excluded_lines": 0, "percent_statements_covered": 0.0, "percent_statements_covered_display": "0"}, "missing_lines": [64], "excluded_lines": [], "start_line": 62}, "run_dashboard_stop": {"executed_lines": [], "summary": {"covered_lines": 0, "num_statements": 16, "percent_covered": 0.0, "percent_covered_display": "0", "missing_lines": 16, "excluded_lines": 1, "percent_statements_covered": 0.0, "percent_statements_covered_display": "0"}, "missing_lines": [69, 70, 72, 73, 74, 81, 82, 83, 84, 85, 86, 87, 88, 89, 90, 91], "excluded_lines": [92], "start_line": 67}, "": {"executed_lines": [], "summary": {"covered_lines": 0, "num_statements": 10, "percent_covered": 0.0, "percent_covered_display": "0", "missing_lines": 10, "excluded_lines": 0, "percent_statements_covered": 0.0, "percent_statements_covered_display": "0"}, "missing_lines": [6, 8, 9, 10, 12, 14, 17, 44, 62, 67], "excluded_lines": [], "start_line": 1}}, "classes": {"": {"executed_lines": [], "summary": {"covered_lines": 0, "num_statements": 43, "percent_covered": 0.0, "percent_covered_display": "0", "missing_lines": 43, "excluded_lines": 1, "percent_statements_covered": 0.0, "percent_statements_covered_display": "0"}, "missing_lines": [6, 8, 9, 10, 12, 14, 17, 19, 23, 24, 25, 28, 32, 35, 39, 40, 41, 44, 46, 48, 49, 50, 52, 53, 62, 64, 67, 69, 70, 72, 73, 74, 81, 82, 83, 84, 85, 86, 87, 88, 89, 90, 91], "excluded_lines": [92], "start_line": 1}}}, "siglab/cli/demo.py": {"executed_lines": [17, 19, 20, 21, 22, 23, 24, 26, 27, 28, 29, 30, 31, 38, 39, 46, 76, 220, 248, 271, 330, 368], "summary": {"covered_lines": 22, "num_statements": 126, "percent_covered": 17.46031746031746, "percent_covered_display": "17", "missing_lines": 104, "excluded_lines": 0, "percent_statements_covered": 17.46031746031746, "percent_statements_covered_display": "17"}, "missing_lines": [48, 49, 52, 56, 57, 58, 59, 62, 66, 67, 68, 91, 92, 94, 96, 97, 106, 107, 114, 115, 116, 117, 122, 130, 131, 132, 136, 144, 149, 153, 158, 163, 165, 174, 175, 176, 177, 178, 179, 182, 187, 188, 191, 196, 197, 198, 201, 202, 203, 206, 207, 208, 211, 213, 214, 215, 216, 217, 222, 223, 225, 226, 231, 232, 249, 250, 251, 256, 257, 262, 263, 264, 265, 266, 267, 268, 272, 273, 275, 276, 277, 278, 279, 280, 281, 282, 297, 302, 303, 313, 331, 332, 334, 335, 336, 337, 338, 342, 346, 347, 348, 349, 369, 370], "excluded_lines": [], "functions": {"add_subparser": {"executed_lines": [], "summary": {"covered_lines": 0, "num_statements": 11, "percent_covered": 0.0, "percent_covered_display": "0", "missing_lines": 11, "excluded_lines": 0, "percent_statements_covered": 0.0, "percent_statements_covered_display": "0"}, "missing_lines": [48, 49, 52, 56, 57, 58, 59, 62, 66, 67, 68], "excluded_lines": [], "start_line": 46}, "run_demo_run": {"executed_lines": [], "summary": {"covered_lines": 0, "num_statements": 47, "percent_covered": 0.0, "percent_covered_display": "0", "missing_lines": 47, "excluded_lines": 0, "percent_statements_covered": 0.0, "percent_statements_covered_display": "0"}, "missing_lines": [91, 92, 94, 96, 97, 106, 107, 114, 115, 116, 117, 122, 130, 131, 132, 136, 144, 149, 153, 158, 163, 165, 174, 175, 176, 177, 178, 179, 182, 187, 188, 191, 196, 197, 198, 201, 202, 203, 206, 207, 208, 211, 213, 214, 215, 216, 217], "excluded_lines": [], "start_line": 76}, "_demo_run_html": {"executed_lines": [], "summary": {"covered_lines": 0, "num_statements": 5, "percent_covered": 0.0, "percent_covered_display": "0", "missing_lines": 5, "excluded_lines": 0, "percent_statements_covered": 0.0, "percent_statements_covered_display": "0"}, "missing_lines": [222, 223, 225, 231, 232], "excluded_lines": [], "start_line": 220}, "_demo_run_html.kv_rows": {"executed_lines": [], "summary": {"covered_lines": 0, "num_statements": 1, "percent_covered": 0.0, "percent_covered_display": "0", "missing_lines": 1, "excluded_lines": 0, "percent_statements_covered": 0.0, "percent_statements_covered_display": "0"}, "missing_lines": [226], "excluded_lines": [], "start_line": 225}, "run_demo_manifest": {"executed_lines": [], "summary": {"covered_lines": 0, "num_statements": 12, "percent_covered": 0.0, "percent_covered_display": "0", "missing_lines": 12, "excluded_lines": 0, "percent_statements_covered": 0.0, "percent_statements_covered_display": "0"}, "missing_lines": [249, 250, 251, 256, 257, 262, 263, 264, 265, 266, 267, 268], "excluded_lines": [], "start_line": 248}, "_build_demo_manifest": {"executed_lines": [], "summary": {"covered_lines": 0, "num_statements": 14, "percent_covered": 0.0, "percent_covered_display": "0", "missing_lines": 14, "excluded_lines": 0, "percent_statements_covered": 0.0, "percent_statements_covered_display": "0"}, "missing_lines": [272, 273, 275, 276, 277, 278, 279, 280, 281, 282, 297, 302, 303, 313], "excluded_lines": [], "start_line": 271}, "_demo_manifest_html": {"executed_lines": [], "summary": {"covered_lines": 0, "num_statements": 11, "percent_covered": 0.0, "percent_covered_display": "0", "missing_lines": 11, "excluded_lines": 0, "percent_statements_covered": 0.0, "percent_statements_covered_display": "0"}, "missing_lines": [331, 334, 335, 336, 337, 338, 342, 346, 347, 348, 349], "excluded_lines": [], "start_line": 330}, "_demo_manifest_html.esc": {"executed_lines": [], "summary": {"covered_lines": 0, "num_statements": 1, "percent_covered": 0.0, "percent_covered_display": "0", "missing_lines": 1, "excluded_lines": 0, "percent_statements_covered": 0.0, "percent_statements_covered_display": "0"}, "missing_lines": [332], "excluded_lines": [], "start_line": 331}, "_build_wave_status_payload": {"executed_lines": [], "summary": {"covered_lines": 0, "num_statements": 2, "percent_covered": 0.0, "percent_covered_display": "0", "missing_lines": 2, "excluded_lines": 0, "percent_statements_covered": 0.0, "percent_statements_covered_display": "0"}, "missing_lines": [369, 370], "excluded_lines": [], "start_line": 368}, "": {"executed_lines": [17, 19, 20, 21, 22, 23, 24, 26, 27, 28, 29, 30, 31, 38, 39, 46, 76, 220, 248, 271, 330, 368], "summary": {"covered_lines": 22, "num_statements": 22, "percent_covered": 100.0, "percent_covered_display": "100", "missing_lines": 0, "excluded_lines": 0, "percent_statements_covered": 100.0, "percent_statements_covered_display": "100"}, "missing_lines": [], "excluded_lines": [], "start_line": 1}}, "classes": {"": {"executed_lines": [17, 19, 20, 21, 22, 23, 24, 26, 27, 28, 29, 30, 31, 38, 39, 46, 76, 220, 248, 271, 330, 368], "summary": {"covered_lines": 22, "num_statements": 126, "percent_covered": 17.46031746031746, "percent_covered_display": "17", "missing_lines": 104, "excluded_lines": 0, "percent_statements_covered": 17.46031746031746, "percent_statements_covered_display": "17"}, "missing_lines": [48, 49, 52, 56, 57, 58, 59, 62, 66, 67, 68, 91, 92, 94, 96, 97, 106, 107, 114, 115, 116, 117, 122, 130, 131, 132, 136, 144, 149, 153, 158, 163, 165, 174, 175, 176, 177, 178, 179, 182, 187, 188, 191, 196, 197, 198, 201, 202, 203, 206, 207, 208, 211, 213, 214, 215, 216, 217, 222, 223, 225, 226, 231, 232, 249, 250, 251, 256, 257, 262, 263, 264, 265, 266, 267, 268, 272, 273, 275, 276, 277, 278, 279, 280, 281, 282, 297, 302, 303, 313, 331, 332, 334, 335, 336, 337, 338, 342, 346, 347, 348, 349, 369, 370], "excluded_lines": [], "start_line": 1}}}, "siglab/cli/deploy.py": {"executed_lines": [3, 5, 6, 7, 9, 10, 11, 12, 13, 18, 21, 39, 87, 95, 104], "summary": {"covered_lines": 15, "num_statements": 70, "percent_covered": 21.428571428571427, "percent_covered_display": "21", "missing_lines": 55, "excluded_lines": 0, "percent_statements_covered": 21.428571428571427, "percent_statements_covered_display": "21"}, "missing_lines": [23, 24, 25, 26, 27, 28, 29, 30, 31, 32, 35, 36, 40, 41, 42, 43, 44, 45, 50, 51, 52, 53, 54, 55, 56, 57, 58, 59, 60, 63, 64, 67, 68, 69, 70, 80, 81, 82, 83, 84, 92, 100, 101, 105, 106, 107, 108, 109, 110, 111, 113, 114, 115, 116, 117], "excluded_lines": [], "functions": {"add_subparser": {"executed_lines": [], "summary": {"covered_lines": 0, "num_statements": 12, "percent_covered": 0.0, "percent_covered_display": "0", "missing_lines": 12, "excluded_lines": 0, "percent_statements_covered": 0.0, "percent_statements_covered_display": "0"}, "missing_lines": [23, 24, 25, 26, 27, 28, 29, 30, 31, 32, 35, 36], "excluded_lines": [], "start_line": 21}, "run_deploy": {"executed_lines": [], "summary": {"covered_lines": 0, "num_statements": 28, "percent_covered": 0.0, "percent_covered_display": "0", "missing_lines": 28, "excluded_lines": 0, "percent_statements_covered": 0.0, "percent_statements_covered_display": "0"}, "missing_lines": [40, 41, 42, 43, 44, 45, 50, 51, 52, 53, 54, 55, 56, 57, 58, 59, 60, 63, 64, 67, 68, 69, 70, 80, 81, 82, 83, 84], "excluded_lines": [], "start_line": 39}, "_deployment_ineligible_reasons_fn": {"executed_lines": [], "summary": {"covered_lines": 0, "num_statements": 1, "percent_covered": 0.0, "percent_covered_display": "0", "missing_lines": 1, "excluded_lines": 0, "percent_statements_covered": 0.0, "percent_statements_covered_display": "0"}, "missing_lines": [92], "excluded_lines": [], "start_line": 87}, "deployment_ineligible_reasons_fn": {"executed_lines": [], "summary": {"covered_lines": 0, "num_statements": 2, "percent_covered": 0.0, "percent_covered_display": "0", "missing_lines": 2, "excluded_lines": 0, "percent_statements_covered": 0.0, "percent_statements_covered_display": "0"}, "missing_lines": [100, 101], "excluded_lines": [], "start_line": 95}, "run_deployments": {"executed_lines": [], "summary": {"covered_lines": 0, "num_statements": 12, "percent_covered": 0.0, "percent_covered_display": "0", "missing_lines": 12, "excluded_lines": 0, "percent_statements_covered": 0.0, "percent_statements_covered_display": "0"}, "missing_lines": [105, 106, 107, 108, 109, 110, 111, 113, 114, 115, 116, 117], "excluded_lines": [], "start_line": 104}, "": {"executed_lines": [3, 5, 6, 7, 9, 10, 11, 12, 13, 18, 21, 39, 87, 95, 104], "summary": {"covered_lines": 15, "num_statements": 15, "percent_covered": 100.0, "percent_covered_display": "100", "missing_lines": 0, "excluded_lines": 0, "percent_statements_covered": 100.0, "percent_statements_covered_display": "100"}, "missing_lines": [], "excluded_lines": [], "start_line": 1}}, "classes": {"": {"executed_lines": [3, 5, 6, 7, 9, 10, 11, 12, 13, 18, 21, 39, 87, 95, 104], "summary": {"covered_lines": 15, "num_statements": 70, "percent_covered": 21.428571428571427, "percent_covered_display": "21", "missing_lines": 55, "excluded_lines": 0, "percent_statements_covered": 21.428571428571427, "percent_statements_covered_display": "21"}, "missing_lines": [23, 24, 25, 26, 27, 28, 29, 30, 31, 32, 35, 36, 40, 41, 42, 43, 44, 45, 50, 51, 52, 53, 54, 55, 56, 57, 58, 59, 60, 63, 64, 67, 68, 69, 70, 80, 81, 82, 83, 84, 92, 100, 101, 105, 106, 107, 108, 109, 110, 111, 113, 114, 115, 116, 117], "excluded_lines": [], "start_line": 1}}}, "siglab/cli/evidence.py": {"executed_lines": [], "summary": {"covered_lines": 0, "num_statements": 67, "percent_covered": 0.0, "percent_covered_display": "0", "missing_lines": 67, "excluded_lines": 1, "percent_statements_covered": 0.0, "percent_statements_covered_display": "0"}, "missing_lines": [3, 5, 6, 7, 8, 9, 11, 12, 13, 14, 15, 16, 17, 20, 22, 26, 27, 28, 29, 30, 31, 32, 33, 36, 40, 41, 42, 43, 46, 47, 48, 49, 50, 55, 65, 66, 67, 68, 83, 84, 104, 105, 106, 107, 108, 113, 114, 134, 135, 136, 137, 138, 139, 140, 141, 142, 144, 148, 150, 151, 152, 157, 158, 159, 160, 161, 162], "excluded_lines": [149], "functions": {"add_subparser": {"executed_lines": [], "summary": {"covered_lines": 0, "num_statements": 14, "percent_covered": 0.0, "percent_covered_display": "0", "missing_lines": 14, "excluded_lines": 0, "percent_statements_covered": 0.0, "percent_statements_covered_display": "0"}, "missing_lines": [22, 26, 27, 28, 29, 30, 31, 32, 33, 36, 40, 41, 42, 43], "excluded_lines": [], "start_line": 20}, "run_evidence_build": {"executed_lines": [], "summary": {"covered_lines": 0, "num_statements": 18, "percent_covered": 0.0, "percent_covered_display": "0", "missing_lines": 18, "excluded_lines": 0, "percent_statements_covered": 0.0, "percent_statements_covered_display": "0"}, "missing_lines": [47, 48, 49, 50, 55, 65, 66, 67, 68, 83, 84, 104, 105, 106, 107, 108, 113, 114], "excluded_lines": [], "start_line": 46}, "run_evidence_map": {"executed_lines": [], "summary": {"covered_lines": 0, "num_statements": 19, "percent_covered": 0.0, "percent_covered_display": "0", "missing_lines": 19, "excluded_lines": 1, "percent_statements_covered": 0.0, "percent_statements_covered_display": "0"}, "missing_lines": [135, 136, 137, 138, 139, 140, 141, 142, 144, 148, 150, 151, 152, 157, 158, 159, 160, 161, 162], "excluded_lines": [149], "start_line": 134}, "": {"executed_lines": [], "summary": {"covered_lines": 0, "num_statements": 16, "percent_covered": 0.0, "percent_covered_display": "0", "missing_lines": 16, "excluded_lines": 0, "percent_statements_covered": 0.0, "percent_statements_covered_display": "0"}, "missing_lines": [3, 5, 6, 7, 8, 9, 11, 12, 13, 14, 15, 16, 17, 20, 46, 134], "excluded_lines": [], "start_line": 1}}, "classes": {"": {"executed_lines": [], "summary": {"covered_lines": 0, "num_statements": 67, "percent_covered": 0.0, "percent_covered_display": "0", "missing_lines": 67, "excluded_lines": 1, "percent_statements_covered": 0.0, "percent_statements_covered_display": "0"}, "missing_lines": [3, 5, 6, 7, 8, 9, 11, 12, 13, 14, 15, 16, 17, 20, 22, 26, 27, 28, 29, 30, 31, 32, 33, 36, 40, 41, 42, 43, 46, 47, 48, 49, 50, 55, 65, 66, 67, 68, 83, 84, 104, 105, 106, 107, 108, 113, 114, 134, 135, 136, 137, 138, 139, 140, 141, 142, 144, 148, 150, 151, 152, 157, 158, 159, 160, 161, 162], "excluded_lines": [149], "start_line": 1}}}, "siglab/cli/helpers.py": {"executed_lines": [6, 8, 9, 10, 11, 12, 13, 15, 18, 24, 29, 57, 64, 77, 84, 100, 105, 111, 115, 125, 133, 155, 287, 301, 318, 325, 331, 345, 354, 358, 367, 386, 401, 443, 463, 471, 477, 492, 510, 565, 574, 583, 617, 619, 627, 637, 642, 657], "summary": {"covered_lines": 48, "num_statements": 363, "percent_covered": 13.223140495867769, "percent_covered_display": "13", "missing_lines": 315, "excluded_lines": 9, "percent_statements_covered": 13.223140495867769, "percent_statements_covered_display": "13"}, "missing_lines": [20, 21, 25, 26, 30, 31, 32, 33, 34, 35, 36, 37, 38, 39, 40, 41, 42, 43, 44, 45, 47, 48, 58, 59, 60, 61, 65, 66, 67, 68, 69, 70, 71, 72, 73, 74, 78, 79, 80, 81, 85, 86, 87, 88, 89, 90, 91, 92, 93, 94, 95, 96, 97, 101, 102, 106, 107, 108, 112, 116, 117, 118, 119, 120, 121, 122, 130, 138, 139, 140, 143, 144, 145, 146, 147, 148, 149, 150, 151, 152, 157, 158, 163, 164, 165, 166, 167, 168, 169, 170, 171, 172, 173, 175, 176, 177, 178, 179, 180, 181, 182, 191, 192, 193, 194, 195, 196, 197, 198, 199, 200, 201, 202, 203, 204, 205, 206, 207, 208, 209, 210, 211, 212, 213, 214, 215, 223, 224, 225, 226, 227, 228, 229, 231, 234, 235, 288, 289, 290, 291, 292, 293, 294, 295, 296, 297, 298, 302, 306, 307, 313, 314, 315, 319, 320, 321, 322, 327, 328, 332, 333, 334, 335, 336, 337, 338, 339, 340, 341, 342, 346, 347, 348, 349, 350, 351, 355, 359, 375, 392, 393, 394, 395, 396, 397, 398, 412, 417, 418, 428, 429, 430, 431, 438, 439, 440, 450, 452, 453, 454, 455, 456, 457, 458, 459, 460, 464, 465, 466, 467, 468, 472, 473, 474, 482, 484, 485, 486, 487, 488, 489, 496, 497, 498, 499, 500, 501, 502, 503, 504, 505, 506, 507, 511, 518, 520, 521, 522, 523, 524, 527, 528, 529, 531, 532, 536, 537, 538, 539, 540, 541, 542, 543, 544, 545, 546, 547, 548, 549, 550, 551, 552, 562, 566, 567, 568, 569, 570, 571, 575, 576, 577, 578, 579, 580, 588, 589, 590, 591, 592, 593, 594, 595, 596, 597, 598, 599, 600, 601, 602, 603, 611, 612, 613, 614, 615, 621, 622, 623, 624, 628, 638, 639, 649, 650, 651, 652, 653, 654, 658, 659, 660, 661, 662, 663], "excluded_lines": [141, 142, 230, 232, 233, 236, 419, 525, 526], "functions": {"latest_path": {"executed_lines": [], "summary": {"covered_lines": 0, "num_statements": 2, "percent_covered": 0.0, "percent_covered_display": "0", "missing_lines": 2, "excluded_lines": 0, "percent_statements_covered": 0.0, "percent_statements_covered_display": "0"}, "missing_lines": [20, 21], "excluded_lines": [], "start_line": 18}, "read_jsonl": {"executed_lines": [], "summary": {"covered_lines": 0, "num_statements": 2, "percent_covered": 0.0, "percent_covered_display": "0", "missing_lines": 2, "excluded_lines": 0, "percent_statements_covered": 0.0, "percent_statements_covered_display": "0"}, "missing_lines": [25, 26], "excluded_lines": [], "start_line": 24}, "read_jsonl_with_stats": {"executed_lines": [], "summary": {"covered_lines": 0, "num_statements": 18, "percent_covered": 0.0, "percent_covered_display": "0", "missing_lines": 18, "excluded_lines": 0, "percent_statements_covered": 0.0, "percent_statements_covered_display": "0"}, "missing_lines": [30, 31, 32, 33, 34, 35, 36, 37, 38, 39, 40, 41, 42, 43, 44, 45, 47, 48], "excluded_lines": [], "start_line": 29}, "latest_record": {"executed_lines": [], "summary": {"covered_lines": 0, "num_statements": 4, "percent_covered": 0.0, "percent_covered_display": "0", "missing_lines": 4, "excluded_lines": 0, "percent_statements_covered": 0.0, "percent_statements_covered_display": "0"}, "missing_lines": [58, 59, 60, 61], "excluded_lines": [], "start_line": 57}, "_record_has_required_value": {"executed_lines": [], "summary": {"covered_lines": 0, "num_statements": 10, "percent_covered": 0.0, "percent_covered_display": "0", "missing_lines": 10, "excluded_lines": 0, "percent_statements_covered": 0.0, "percent_statements_covered_display": "0"}, "missing_lines": [65, 66, 67, 68, 69, 70, 71, 72, 73, 74], "excluded_lines": [], "start_line": 64}, "_record_sort_key": {"executed_lines": [], "summary": {"covered_lines": 0, "num_statements": 4, "percent_covered": 0.0, "percent_covered_display": "0", "missing_lines": 4, "excluded_lines": 0, "percent_statements_covered": 0.0, "percent_statements_covered_display": "0"}, "missing_lines": [78, 79, 80, 81], "excluded_lines": [], "start_line": 77}, "_record_timestamp": {"executed_lines": [], "summary": {"covered_lines": 0, "num_statements": 13, "percent_covered": 0.0, "percent_covered_display": "0", "missing_lines": 13, "excluded_lines": 0, "percent_statements_covered": 0.0, "percent_statements_covered_display": "0"}, "missing_lines": [85, 86, 87, 88, 89, 90, 91, 92, 93, 94, 95, 96, 97], "excluded_lines": [], "start_line": 84}, "float_or_none": {"executed_lines": [], "summary": {"covered_lines": 0, "num_statements": 2, "percent_covered": 0.0, "percent_covered_display": "0", "missing_lines": 2, "excluded_lines": 0, "percent_statements_covered": 0.0, "percent_statements_covered_display": "0"}, "missing_lines": [101, 102], "excluded_lines": [], "start_line": 100}, "load_json_if_exists": {"executed_lines": [], "summary": {"covered_lines": 0, "num_statements": 3, "percent_covered": 0.0, "percent_covered_display": "0", "missing_lines": 3, "excluded_lines": 0, "percent_statements_covered": 0.0, "percent_statements_covered_display": "0"}, "missing_lines": [106, 107, 108], "excluded_lines": [], "start_line": 105}, "split_cli_list": {"executed_lines": [], "summary": {"covered_lines": 0, "num_statements": 1, "percent_covered": 0.0, "percent_covered_display": "0", "missing_lines": 1, "excluded_lines": 0, "percent_statements_covered": 0.0, "percent_statements_covered_display": "0"}, "missing_lines": [112], "excluded_lines": [], "start_line": 111}, "sosovalue_currency_id": {"executed_lines": [], "summary": {"covered_lines": 0, "num_statements": 7, "percent_covered": 0.0, "percent_covered_display": "0", "missing_lines": 7, "excluded_lines": 0, "percent_statements_covered": 0.0, "percent_statements_covered_display": "0"}, "missing_lines": [116, 117, 118, 119, 120, 121, 122], "excluded_lines": [], "start_line": 115}, "deployment_eligible": {"executed_lines": [], "summary": {"covered_lines": 0, "num_statements": 1, "percent_covered": 0.0, "percent_covered_display": "0", "missing_lines": 1, "excluded_lines": 0, "percent_statements_covered": 0.0, "percent_statements_covered_display": "0"}, "missing_lines": [130], "excluded_lines": [], "start_line": 125}, "deployment_ineligible_reasons": {"executed_lines": [], "summary": {"covered_lines": 0, "num_statements": 13, "percent_covered": 0.0, "percent_covered_display": "0", "missing_lines": 13, "excluded_lines": 2, "percent_statements_covered": 0.0, "percent_statements_covered_display": "0"}, "missing_lines": [138, 139, 140, 143, 144, 145, 146, 147, 148, 149, 150, 151, 152], "excluded_lines": [141, 142], "start_line": 133}, "sodex_preflight_report": {"executed_lines": [], "summary": {"covered_lines": 0, "num_statements": 56, "percent_covered": 0.0, "percent_covered_display": "0", "missing_lines": 56, "excluded_lines": 4, "percent_statements_covered": 0.0, "percent_statements_covered_display": "0"}, "missing_lines": [157, 158, 163, 164, 165, 166, 167, 168, 169, 170, 171, 172, 173, 175, 176, 177, 178, 179, 180, 181, 182, 191, 192, 193, 194, 195, 196, 197, 198, 199, 200, 201, 202, 203, 204, 205, 206, 207, 208, 209, 210, 211, 212, 213, 214, 215, 223, 224, 225, 226, 227, 228, 229, 231, 234, 235], "excluded_lines": [230, 232, 233, 236], "start_line": 155}, "parse_sodex_enum": {"executed_lines": [], "summary": {"covered_lines": 0, "num_statements": 11, "percent_covered": 0.0, "percent_covered_display": "0", "missing_lines": 11, "excluded_lines": 0, "percent_statements_covered": 0.0, "percent_statements_covered_display": "0"}, "missing_lines": [288, 289, 290, 291, 292, 293, 294, 295, 296, 297, 298], "excluded_lines": [], "start_line": 287}, "require_sosovalue_config": {"executed_lines": [], "summary": {"covered_lines": 0, "num_statements": 6, "percent_covered": 0.0, "percent_covered_display": "0", "missing_lines": 6, "excluded_lines": 0, "percent_statements_covered": 0.0, "percent_statements_covered_display": "0"}, "missing_lines": [302, 306, 307, 313, 314, 315], "excluded_lines": [], "start_line": 301}, "display_deployment_record": {"executed_lines": [], "summary": {"covered_lines": 0, "num_statements": 4, "percent_covered": 0.0, "percent_covered_display": "0", "missing_lines": 4, "excluded_lines": 0, "percent_statements_covered": 0.0, "percent_statements_covered_display": "0"}, "missing_lines": [319, 320, 321, 322], "excluded_lines": [], "start_line": 318}, "display_path_static": {"executed_lines": [], "summary": {"covered_lines": 0, "num_statements": 2, "percent_covered": 0.0, "percent_covered_display": "0", "missing_lines": 2, "excluded_lines": 0, "percent_statements_covered": 0.0, "percent_statements_covered_display": "0"}, "missing_lines": [327, 328], "excluded_lines": [], "start_line": 325}, "strip_audit_fields": {"executed_lines": [], "summary": {"covered_lines": 0, "num_statements": 11, "percent_covered": 0.0, "percent_covered_display": "0", "missing_lines": 11, "excluded_lines": 0, "percent_statements_covered": 0.0, "percent_statements_covered_display": "0"}, "missing_lines": [332, 333, 334, 335, 336, 337, 338, 339, 340, 341, 342], "excluded_lines": [], "start_line": 331}, "agent_safe_recent_results": {"executed_lines": [], "summary": {"covered_lines": 0, "num_statements": 6, "percent_covered": 0.0, "percent_covered_display": "0", "missing_lines": 6, "excluded_lines": 0, "percent_statements_covered": 0.0, "percent_statements_covered_display": "0"}, "missing_lines": [346, 347, 348, 349, 350, 351], "excluded_lines": [], "start_line": 345}, "agent_safe_memory_packet": {"executed_lines": [], "summary": {"covered_lines": 0, "num_statements": 1, "percent_covered": 0.0, "percent_covered_display": "0", "missing_lines": 1, "excluded_lines": 0, "percent_statements_covered": 0.0, "percent_statements_covered_display": "0"}, "missing_lines": [355], "excluded_lines": [], "start_line": 354}, "tool_only_external_research": {"executed_lines": [], "summary": {"covered_lines": 0, "num_statements": 1, "percent_covered": 0.0, "percent_covered_display": "0", "missing_lines": 1, "excluded_lines": 0, "percent_statements_covered": 0.0, "percent_statements_covered_display": "0"}, "missing_lines": [359], "excluded_lines": [], "start_line": 358}, "minimal_research_summary": {"executed_lines": [], "summary": {"covered_lines": 0, "num_statements": 1, "percent_covered": 0.0, "percent_covered_display": "0", "missing_lines": 1, "excluded_lines": 0, "percent_statements_covered": 0.0, "percent_statements_covered_display": "0"}, "missing_lines": [375], "excluded_lines": [], "start_line": 367}, "incumbent_detail": {"executed_lines": [], "summary": {"covered_lines": 0, "num_statements": 7, "percent_covered": 0.0, "percent_covered_display": "0", "missing_lines": 7, "excluded_lines": 0, "percent_statements_covered": 0.0, "percent_statements_covered_display": "0"}, "missing_lines": [392, 393, 394, 395, 396, 397, 398], "excluded_lines": [], "start_line": 386}, "base_spec_payload_for_family": {"executed_lines": [], "summary": {"covered_lines": 0, "num_statements": 10, "percent_covered": 0.0, "percent_covered_display": "0", "missing_lines": 10, "excluded_lines": 1, "percent_statements_covered": 0.0, "percent_statements_covered_display": "0"}, "missing_lines": [412, 417, 418, 428, 429, 430, 431, 438, 439, 440], "excluded_lines": [419], "start_line": 401}, "pick_deterministic_parent": {"executed_lines": [], "summary": {"covered_lines": 0, "num_statements": 10, "percent_covered": 0.0, "percent_covered_display": "0", "missing_lines": 10, "excluded_lines": 0, "percent_statements_covered": 0.0, "percent_statements_covered_display": "0"}, "missing_lines": [450, 452, 453, 454, 455, 456, 457, 458, 459, 460], "excluded_lines": [], "start_line": 443}, "row_is_deterministic": {"executed_lines": [], "summary": {"covered_lines": 0, "num_statements": 5, "percent_covered": 0.0, "percent_covered_display": "0", "missing_lines": 5, "excluded_lines": 0, "percent_statements_covered": 0.0, "percent_statements_covered_display": "0"}, "missing_lines": [464, 465, 466, 467, 468], "excluded_lines": [], "start_line": 463}, "spec_trade_style": {"executed_lines": [], "summary": {"covered_lines": 0, "num_statements": 3, "percent_covered": 0.0, "percent_covered_display": "0", "missing_lines": 3, "excluded_lines": 0, "percent_statements_covered": 0.0, "percent_statements_covered_display": "0"}, "missing_lines": [472, 473, 474], "excluded_lines": [], "start_line": 471}, "write_artifact": {"executed_lines": [], "summary": {"covered_lines": 0, "num_statements": 7, "percent_covered": 0.0, "percent_covered_display": "0", "missing_lines": 7, "excluded_lines": 0, "percent_statements_covered": 0.0, "percent_statements_covered_display": "0"}, "missing_lines": [482, 484, 485, 486, 487, 488, 489], "excluded_lines": [], "start_line": 477}, "parse_family_scope": {"executed_lines": [], "summary": {"covered_lines": 0, "num_statements": 12, "percent_covered": 0.0, "percent_covered_display": "0", "missing_lines": 12, "excluded_lines": 0, "percent_statements_covered": 0.0, "percent_statements_covered_display": "0"}, "missing_lines": [496, 497, 498, 499, 500, 501, 502, 503, 504, 505, 506, 507], "excluded_lines": [], "start_line": 492}, "print_run_reflection_short": {"executed_lines": [], "summary": {"covered_lines": 0, "num_statements": 30, "percent_covered": 0.0, "percent_covered_display": "0", "missing_lines": 30, "excluded_lines": 2, "percent_statements_covered": 0.0, "percent_statements_covered_display": "0"}, "missing_lines": [511, 518, 520, 521, 522, 523, 524, 527, 528, 529, 531, 532, 536, 537, 538, 539, 540, 541, 542, 543, 544, 545, 546, 547, 548, 549, 550, 551, 552, 562], "excluded_lines": [525, 526], "start_line": 510}, "_format_optional_pct": {"executed_lines": [], "summary": {"covered_lines": 0, "num_statements": 6, "percent_covered": 0.0, "percent_covered_display": "0", "missing_lines": 6, "excluded_lines": 0, "percent_statements_covered": 0.0, "percent_statements_covered_display": "0"}, "missing_lines": [566, 567, 568, 569, 570, 571], "excluded_lines": [], "start_line": 565}, "_format_optional_number": {"executed_lines": [], "summary": {"covered_lines": 0, "num_statements": 6, "percent_covered": 0.0, "percent_covered_display": "0", "missing_lines": 6, "excluded_lines": 0, "percent_statements_covered": 0.0, "percent_statements_covered_display": "0"}, "missing_lines": [575, 576, 577, 578, 579, 580], "excluded_lines": [], "start_line": 574}, "external_research_from_llm_trace": {"executed_lines": [], "summary": {"covered_lines": 0, "num_statements": 21, "percent_covered": 0.0, "percent_covered_display": "0", "missing_lines": 21, "excluded_lines": 0, "percent_statements_covered": 0.0, "percent_statements_covered_display": "0"}, "missing_lines": [588, 589, 590, 591, 592, 593, 594, 595, 596, 597, 598, 599, 600, 601, 602, 603, 611, 612, 613, 614, 615], "excluded_lines": [], "start_line": 583}, "_render_html_template": {"executed_lines": [], "summary": {"covered_lines": 0, "num_statements": 4, "percent_covered": 0.0, "percent_covered_display": "0", "missing_lines": 4, "excluded_lines": 0, "percent_statements_covered": 0.0, "percent_statements_covered_display": "0"}, "missing_lines": [621, 622, 623, 624], "excluded_lines": [], "start_line": 619}, "add_json_flag": {"executed_lines": [], "summary": {"covered_lines": 0, "num_statements": 1, "percent_covered": 0.0, "percent_covered_display": "0", "missing_lines": 1, "excluded_lines": 0, "percent_statements_covered": 0.0, "percent_statements_covered_display": "0"}, "missing_lines": [628], "excluded_lines": [], "start_line": 627}, "maybe_print_json": {"executed_lines": [], "summary": {"covered_lines": 0, "num_statements": 2, "percent_covered": 0.0, "percent_covered_display": "0", "missing_lines": 2, "excluded_lines": 0, "percent_statements_covered": 0.0, "percent_statements_covered_display": "0"}, "missing_lines": [638, 639], "excluded_lines": [], "start_line": 637}, "write_json_and_maybe_print": {"executed_lines": [], "summary": {"covered_lines": 0, "num_statements": 6, "percent_covered": 0.0, "percent_covered_display": "0", "missing_lines": 6, "excluded_lines": 0, "percent_statements_covered": 0.0, "percent_statements_covered_display": "0"}, "missing_lines": [649, 650, 651, 652, 653, 654], "excluded_lines": [], "start_line": 642}, "display_paths": {"executed_lines": [], "summary": {"covered_lines": 0, "num_statements": 6, "percent_covered": 0.0, "percent_covered_display": "0", "missing_lines": 6, "excluded_lines": 0, "percent_statements_covered": 0.0, "percent_statements_covered_display": "0"}, "missing_lines": [658, 659, 660, 661, 662, 663], "excluded_lines": [], "start_line": 657}, "": {"executed_lines": [6, 8, 9, 10, 11, 12, 13, 15, 18, 24, 29, 57, 64, 77, 84, 100, 105, 111, 115, 125, 133, 155, 287, 301, 318, 325, 331, 345, 354, 358, 367, 386, 401, 443, 463, 471, 477, 492, 510, 565, 574, 583, 617, 619, 627, 637, 642, 657], "summary": {"covered_lines": 48, "num_statements": 48, "percent_covered": 100.0, "percent_covered_display": "100", "missing_lines": 0, "excluded_lines": 0, "percent_statements_covered": 100.0, "percent_statements_covered_display": "100"}, "missing_lines": [], "excluded_lines": [], "start_line": 1}}, "classes": {"": {"executed_lines": [6, 8, 9, 10, 11, 12, 13, 15, 18, 24, 29, 57, 64, 77, 84, 100, 105, 111, 115, 125, 133, 155, 287, 301, 318, 325, 331, 345, 354, 358, 367, 386, 401, 443, 463, 471, 477, 492, 510, 565, 574, 583, 617, 619, 627, 637, 642, 657], "summary": {"covered_lines": 48, "num_statements": 363, "percent_covered": 13.223140495867769, "percent_covered_display": "13", "missing_lines": 315, "excluded_lines": 9, "percent_statements_covered": 13.223140495867769, "percent_statements_covered_display": "13"}, "missing_lines": [20, 21, 25, 26, 30, 31, 32, 33, 34, 35, 36, 37, 38, 39, 40, 41, 42, 43, 44, 45, 47, 48, 58, 59, 60, 61, 65, 66, 67, 68, 69, 70, 71, 72, 73, 74, 78, 79, 80, 81, 85, 86, 87, 88, 89, 90, 91, 92, 93, 94, 95, 96, 97, 101, 102, 106, 107, 108, 112, 116, 117, 118, 119, 120, 121, 122, 130, 138, 139, 140, 143, 144, 145, 146, 147, 148, 149, 150, 151, 152, 157, 158, 163, 164, 165, 166, 167, 168, 169, 170, 171, 172, 173, 175, 176, 177, 178, 179, 180, 181, 182, 191, 192, 193, 194, 195, 196, 197, 198, 199, 200, 201, 202, 203, 204, 205, 206, 207, 208, 209, 210, 211, 212, 213, 214, 215, 223, 224, 225, 226, 227, 228, 229, 231, 234, 235, 288, 289, 290, 291, 292, 293, 294, 295, 296, 297, 298, 302, 306, 307, 313, 314, 315, 319, 320, 321, 322, 327, 328, 332, 333, 334, 335, 336, 337, 338, 339, 340, 341, 342, 346, 347, 348, 349, 350, 351, 355, 359, 375, 392, 393, 394, 395, 396, 397, 398, 412, 417, 418, 428, 429, 430, 431, 438, 439, 440, 450, 452, 453, 454, 455, 456, 457, 458, 459, 460, 464, 465, 466, 467, 468, 472, 473, 474, 482, 484, 485, 486, 487, 488, 489, 496, 497, 498, 499, 500, 501, 502, 503, 504, 505, 506, 507, 511, 518, 520, 521, 522, 523, 524, 527, 528, 529, 531, 532, 536, 537, 538, 539, 540, 541, 542, 543, 544, 545, 546, 547, 548, 549, 550, 551, 552, 562, 566, 567, 568, 569, 570, 571, 575, 576, 577, 578, 579, 580, 588, 589, 590, 591, 592, 593, 594, 595, 596, 597, 598, 599, 600, 601, 602, 603, 611, 612, 613, 614, 615, 621, 622, 623, 624, 628, 638, 639, 649, 650, 651, 652, 653, 654, 658, 659, 660, 661, 662, 663], "excluded_lines": [141, 142, 230, 232, 233, 236, 419, 525, 526], "start_line": 1}}}, "siglab/cli/market.py": {"executed_lines": [3, 5, 6, 7, 8, 9, 10, 12, 13, 14, 15, 25, 38, 83, 186, 230, 281, 318], "summary": {"covered_lines": 18, "num_statements": 105, "percent_covered": 17.142857142857142, "percent_covered_display": "17", "missing_lines": 87, "excluded_lines": 0, "percent_statements_covered": 17.142857142857142, "percent_statements_covered_display": "17"}, "missing_lines": [26, 30, 31, 32, 33, 34, 35, 39, 40, 41, 46, 51, 56, 61, 62, 63, 68, 69, 70, 77, 78, 79, 80, 89, 90, 91, 92, 93, 94, 102, 110, 116, 121, 129, 130, 134, 135, 136, 137, 138, 139, 140, 141, 142, 150, 156, 195, 196, 197, 198, 199, 200, 201, 203, 204, 205, 206, 207, 237, 238, 239, 240, 241, 242, 243, 244, 246, 247, 252, 257, 262, 263, 264, 282, 283, 285, 286, 287, 288, 289, 290, 291, 320, 321, 322, 323, 324], "excluded_lines": [], "functions": {"add_subparser": {"executed_lines": [], "summary": {"covered_lines": 0, "num_statements": 7, "percent_covered": 0.0, "percent_covered_display": "0", "missing_lines": 7, "excluded_lines": 0, "percent_statements_covered": 0.0, "percent_statements_covered_display": "0"}, "missing_lines": [26, 30, 31, 32, 33, 34, 35], "excluded_lines": [], "start_line": 25}, "run_command": {"executed_lines": [], "summary": {"covered_lines": 0, "num_statements": 16, "percent_covered": 0.0, "percent_covered_display": "0", "missing_lines": 16, "excluded_lines": 0, "percent_statements_covered": 0.0, "percent_statements_covered_display": "0"}, "missing_lines": [39, 40, 41, 46, 51, 56, 61, 62, 63, 68, 69, 70, 77, 78, 79, 80], "excluded_lines": [], "start_line": 38}, "build_market_report": {"executed_lines": [], "summary": {"covered_lines": 0, "num_statements": 23, "percent_covered": 0.0, "percent_covered_display": "0", "missing_lines": 23, "excluded_lines": 0, "percent_statements_covered": 0.0, "percent_statements_covered_display": "0"}, "missing_lines": [89, 90, 91, 92, 93, 94, 102, 110, 116, 121, 129, 130, 134, 135, 136, 137, 138, 139, 140, 141, 142, 150, 156], "excluded_lines": [], "start_line": 83}, "_market_signal_summary": {"executed_lines": [], "summary": {"covered_lines": 0, "num_statements": 12, "percent_covered": 0.0, "percent_covered_display": "0", "missing_lines": 12, "excluded_lines": 0, "percent_statements_covered": 0.0, "percent_statements_covered_display": "0"}, "missing_lines": [195, 196, 197, 198, 199, 200, 201, 203, 204, 205, 206, 207], "excluded_lines": [], "start_line": 186}, "_market_decision_support": {"executed_lines": [], "summary": {"covered_lines": 0, "num_statements": 15, "percent_covered": 0.0, "percent_covered_display": "0", "missing_lines": 15, "excluded_lines": 0, "percent_statements_covered": 0.0, "percent_statements_covered_display": "0"}, "missing_lines": [237, 238, 239, 240, 241, 242, 243, 244, 246, 247, 252, 257, 262, 263, 264], "excluded_lines": [], "start_line": 230}, "market_report_html": {"executed_lines": [], "summary": {"covered_lines": 0, "num_statements": 8, "percent_covered": 0.0, "percent_covered_display": "0", "missing_lines": 8, "excluded_lines": 0, "percent_statements_covered": 0.0, "percent_statements_covered_display": "0"}, "missing_lines": [282, 285, 286, 287, 288, 289, 290, 291], "excluded_lines": [], "start_line": 281}, "market_report_html.esc": {"executed_lines": [], "summary": {"covered_lines": 0, "num_statements": 1, "percent_covered": 0.0, "percent_covered_display": "0", "missing_lines": 1, "excluded_lines": 0, "percent_statements_covered": 0.0, "percent_statements_covered_display": "0"}, "missing_lines": [283], "excluded_lines": [], "start_line": 282}, "_record_sort_key_internal": {"executed_lines": [], "summary": {"covered_lines": 0, "num_statements": 5, "percent_covered": 0.0, "percent_covered_display": "0", "missing_lines": 5, "excluded_lines": 0, "percent_statements_covered": 0.0, "percent_statements_covered_display": "0"}, "missing_lines": [320, 321, 322, 323, 324], "excluded_lines": [], "start_line": 318}, "": {"executed_lines": [3, 5, 6, 7, 8, 9, 10, 12, 13, 14, 15, 25, 38, 83, 186, 230, 281, 318], "summary": {"covered_lines": 18, "num_statements": 18, "percent_covered": 100.0, "percent_covered_display": "100", "missing_lines": 0, "excluded_lines": 0, "percent_statements_covered": 100.0, "percent_statements_covered_display": "100"}, "missing_lines": [], "excluded_lines": [], "start_line": 1}}, "classes": {"": {"executed_lines": [3, 5, 6, 7, 8, 9, 10, 12, 13, 14, 15, 25, 38, 83, 186, 230, 281, 318], "summary": {"covered_lines": 18, "num_statements": 105, "percent_covered": 17.142857142857142, "percent_covered_display": "17", "missing_lines": 87, "excluded_lines": 0, "percent_statements_covered": 17.142857142857142, "percent_statements_covered_display": "17"}, "missing_lines": [26, 30, 31, 32, 33, 34, 35, 39, 40, 41, 46, 51, 56, 61, 62, 63, 68, 69, 70, 77, 78, 79, 80, 89, 90, 91, 92, 93, 94, 102, 110, 116, 121, 129, 130, 134, 135, 136, 137, 138, 139, 140, 141, 142, 150, 156, 195, 196, 197, 198, 199, 200, 201, 203, 204, 205, 206, 207, 237, 238, 239, 240, 241, 242, 243, 244, 246, 247, 252, 257, 262, 263, 264, 282, 283, 285, 286, 287, 288, 289, 290, 291, 320, 321, 322, 323, 324], "excluded_lines": [], "start_line": 1}}}, "siglab/cli/operator.py": {"executed_lines": [], "summary": {"covered_lines": 0, "num_statements": 41, "percent_covered": 0.0, "percent_covered_display": "0", "missing_lines": 41, "excluded_lines": 1, "percent_statements_covered": 0.0, "percent_statements_covered_display": "0"}, "missing_lines": [3, 5, 6, 7, 8, 9, 11, 12, 13, 14, 15, 16, 19, 21, 25, 30, 35, 40, 47, 48, 49, 52, 55, 56, 57, 59, 62, 63, 64, 65, 66, 68, 69, 72, 78, 97, 98, 107, 108, 109, 111], "excluded_lines": [80], "functions": {"add_subparser": {"executed_lines": [], "summary": {"covered_lines": 0, "num_statements": 5, "percent_covered": 0.0, "percent_covered_display": "0", "missing_lines": 5, "excluded_lines": 0, "percent_statements_covered": 0.0, "percent_statements_covered_display": "0"}, "missing_lines": [21, 25, 30, 35, 40], "excluded_lines": [], "start_line": 19}, "run_operator": {"executed_lines": [], "summary": {"covered_lines": 0, "num_statements": 22, "percent_covered": 0.0, "percent_covered_display": "0", "missing_lines": 22, "excluded_lines": 1, "percent_statements_covered": 0.0, "percent_statements_covered_display": "0"}, "missing_lines": [48, 49, 52, 55, 56, 57, 59, 62, 63, 64, 65, 66, 68, 69, 72, 78, 97, 98, 107, 108, 109, 111], "excluded_lines": [80], "start_line": 47}, "": {"executed_lines": [], "summary": {"covered_lines": 0, "num_statements": 14, "percent_covered": 0.0, "percent_covered_display": "0", "missing_lines": 14, "excluded_lines": 0, "percent_statements_covered": 0.0, "percent_statements_covered_display": "0"}, "missing_lines": [3, 5, 6, 7, 8, 9, 11, 12, 13, 14, 15, 16, 19, 47], "excluded_lines": [], "start_line": 1}}, "classes": {"": {"executed_lines": [], "summary": {"covered_lines": 0, "num_statements": 41, "percent_covered": 0.0, "percent_covered_display": "0", "missing_lines": 41, "excluded_lines": 1, "percent_statements_covered": 0.0, "percent_statements_covered_display": "0"}, "missing_lines": [3, 5, 6, 7, 8, 9, 11, 12, 13, 14, 15, 16, 19, 21, 25, 30, 35, 40, 47, 48, 49, 52, 55, 56, 57, 59, 62, 63, 64, 65, 66, 68, 69, 72, 78, 97, 98, 107, 108, 109, 111], "excluded_lines": [80], "start_line": 1}}}, "siglab/cli/paper.py": {"executed_lines": [], "summary": {"covered_lines": 0, "num_statements": 80, "percent_covered": 0.0, "percent_covered_display": "0", "missing_lines": 80, "excluded_lines": 2, "percent_statements_covered": 0.0, "percent_statements_covered_display": "0"}, "missing_lines": [3, 5, 6, 8, 9, 10, 11, 12, 15, 17, 18, 19, 20, 21, 24, 26, 30, 31, 34, 38, 39, 42, 46, 47, 48, 49, 50, 53, 55, 56, 57, 60, 62, 63, 65, 66, 67, 68, 69, 70, 71, 72, 76, 77, 78, 79, 80, 81, 82, 85, 87, 90, 91, 92, 93, 94, 96, 97, 98, 99, 102, 104, 115, 117, 118, 119, 121, 122, 123, 125, 128, 130, 137, 149, 151, 152, 154, 155, 166, 167], "excluded_lines": [83, 86], "functions": {"_make_paper_client": {"executed_lines": [], "summary": {"covered_lines": 0, "num_statements": 5, "percent_covered": 0.0, "percent_covered_display": "0", "missing_lines": 5, "excluded_lines": 0, "percent_statements_covered": 0.0, "percent_statements_covered_display": "0"}, "missing_lines": [17, 18, 19, 20, 21], "excluded_lines": [], "start_line": 15}, "add_subparser": {"executed_lines": [], "summary": {"covered_lines": 0, "num_statements": 12, "percent_covered": 0.0, "percent_covered_display": "0", "missing_lines": 12, "excluded_lines": 0, "percent_statements_covered": 0.0, "percent_statements_covered_display": "0"}, "missing_lines": [26, 30, 31, 34, 38, 39, 42, 46, 47, 48, 49, 50], "excluded_lines": [], "start_line": 24}, "run_paper_start": {"executed_lines": [], "summary": {"covered_lines": 0, "num_statements": 3, "percent_covered": 0.0, "percent_covered_display": "0", "missing_lines": 3, "excluded_lines": 0, "percent_statements_covered": 0.0, "percent_statements_covered_display": "0"}, "missing_lines": [55, 56, 57], "excluded_lines": [], "start_line": 53}, "run_paper_status": {"executed_lines": [], "summary": {"covered_lines": 0, "num_statements": 28, "percent_covered": 0.0, "percent_covered_display": "0", "missing_lines": 28, "excluded_lines": 2, "percent_statements_covered": 0.0, "percent_statements_covered_display": "0"}, "missing_lines": [62, 63, 65, 66, 67, 68, 69, 70, 71, 72, 76, 77, 78, 79, 80, 81, 82, 85, 87, 90, 91, 92, 93, 94, 96, 97, 98, 99], "excluded_lines": [83, 86], "start_line": 60}, "run_paper_promote": {"executed_lines": [], "summary": {"covered_lines": 0, "num_statements": 19, "percent_covered": 0.0, "percent_covered_display": "0", "missing_lines": 19, "excluded_lines": 0, "percent_statements_covered": 0.0, "percent_statements_covered_display": "0"}, "missing_lines": [104, 115, 117, 118, 119, 121, 122, 123, 125, 128, 130, 137, 149, 151, 152, 154, 155, 166, 167], "excluded_lines": [], "start_line": 102}, "": {"executed_lines": [], "summary": {"covered_lines": 0, "num_statements": 13, "percent_covered": 0.0, "percent_covered_display": "0", "missing_lines": 13, "excluded_lines": 0, "percent_statements_covered": 0.0, "percent_statements_covered_display": "0"}, "missing_lines": [3, 5, 6, 8, 9, 10, 11, 12, 15, 24, 53, 60, 102], "excluded_lines": [], "start_line": 1}}, "classes": {"": {"executed_lines": [], "summary": {"covered_lines": 0, "num_statements": 80, "percent_covered": 0.0, "percent_covered_display": "0", "missing_lines": 80, "excluded_lines": 2, "percent_statements_covered": 0.0, "percent_statements_covered_display": "0"}, "missing_lines": [3, 5, 6, 8, 9, 10, 11, 12, 15, 17, 18, 19, 20, 21, 24, 26, 30, 31, 34, 38, 39, 42, 46, 47, 48, 49, 50, 53, 55, 56, 57, 60, 62, 63, 65, 66, 67, 68, 69, 70, 71, 72, 76, 77, 78, 79, 80, 81, 82, 85, 87, 90, 91, 92, 93, 94, 96, 97, 98, 99, 102, 104, 115, 117, 118, 119, 121, 122, 123, 125, 128, 130, 137, 149, 151, 152, 154, 155, 166, 167], "excluded_lines": [83, 86], "start_line": 1}}}, "siglab/cli/rich_utils.py": {"executed_lines": [8, 10, 11, 12, 13, 15, 16, 17, 18, 26, 27, 28, 32, 46, 69, 72, 80, 90, 112, 131, 152, 164, 173, 192, 195, 201, 206, 211, 216, 221, 227, 236], "summary": {"covered_lines": 32, "num_statements": 80, "percent_covered": 40.0, "percent_covered_display": "40", "missing_lines": 48, "excluded_lines": 1, "percent_statements_covered": 40.0, "percent_statements_covered_display": "40"}, "missing_lines": [56, 57, 58, 75, 76, 77, 83, 84, 99, 101, 102, 103, 104, 105, 106, 121, 140, 141, 142, 143, 144, 145, 146, 160, 161, 166, 167, 178, 197, 198, 203, 208, 213, 218, 223, 224, 229, 230, 238, 239, 240, 241, 242, 243, 244, 245, 246, 247], "excluded_lines": [91], "functions": {"make_console": {"executed_lines": [], "summary": {"covered_lines": 0, "num_statements": 3, "percent_covered": 0.0, "percent_covered_display": "0", "missing_lines": 3, "excluded_lines": 0, "percent_statements_covered": 0.0, "percent_statements_covered_display": "0"}, "missing_lines": [56, 57, 58], "excluded_lines": [], "start_line": 46}, "get_console": {"executed_lines": [], "summary": {"covered_lines": 0, "num_statements": 3, "percent_covered": 0.0, "percent_covered_display": "0", "missing_lines": 3, "excluded_lines": 0, "percent_statements_covered": 0.0, "percent_statements_covered_display": "0"}, "missing_lines": [75, 76, 77], "excluded_lines": [], "start_line": 72}, "init_console": {"executed_lines": [], "summary": {"covered_lines": 0, "num_statements": 2, "percent_covered": 0.0, "percent_covered_display": "0", "missing_lines": 2, "excluded_lines": 0, "percent_statements_covered": 0.0, "percent_statements_covered_display": "0"}, "missing_lines": [83, 84], "excluded_lines": [], "start_line": 80}, "print_json": {"executed_lines": [], "summary": {"covered_lines": 0, "num_statements": 7, "percent_covered": 0.0, "percent_covered_display": "0", "missing_lines": 7, "excluded_lines": 1, "percent_statements_covered": 0.0, "percent_statements_covered_display": "0"}, "missing_lines": [99, 101, 102, 103, 104, 105, 106], "excluded_lines": [91], "start_line": 90}, "make_table": {"executed_lines": [], "summary": {"covered_lines": 0, "num_statements": 1, "percent_covered": 0.0, "percent_covered_display": "0", "missing_lines": 1, "excluded_lines": 0, "percent_statements_covered": 0.0, "percent_statements_covered_display": "0"}, "missing_lines": [121], "excluded_lines": [], "start_line": 112}, "print_key_value_pairs": {"executed_lines": [], "summary": {"covered_lines": 0, "num_statements": 7, "percent_covered": 0.0, "percent_covered_display": "0", "missing_lines": 7, "excluded_lines": 0, "percent_statements_covered": 0.0, "percent_statements_covered_display": "0"}, "missing_lines": [140, 141, 142, 143, 144, 145, 146], "excluded_lines": [], "start_line": 131}, "print_panel": {"executed_lines": [], "summary": {"covered_lines": 0, "num_statements": 2, "percent_covered": 0.0, "percent_covered_display": "0", "missing_lines": 2, "excluded_lines": 0, "percent_statements_covered": 0.0, "percent_statements_covered_display": "0"}, "missing_lines": [160, 161], "excluded_lines": [], "start_line": 152}, "print_status_line": {"executed_lines": [], "summary": {"covered_lines": 0, "num_statements": 2, "percent_covered": 0.0, "percent_covered_display": "0", "missing_lines": 2, "excluded_lines": 0, "percent_statements_covered": 0.0, "percent_statements_covered_display": "0"}, "missing_lines": [166, 167], "excluded_lines": [], "start_line": 164}, "make_progress": {"executed_lines": [], "summary": {"covered_lines": 0, "num_statements": 1, "percent_covered": 0.0, "percent_covered_display": "0", "missing_lines": 1, "excluded_lines": 0, "percent_statements_covered": 0.0, "percent_statements_covered_display": "0"}, "missing_lines": [178], "excluded_lines": [], "start_line": 173}, "_print_styled": {"executed_lines": [], "summary": {"covered_lines": 0, "num_statements": 2, "percent_covered": 0.0, "percent_covered_display": "0", "missing_lines": 2, "excluded_lines": 0, "percent_statements_covered": 0.0, "percent_statements_covered_display": "0"}, "missing_lines": [197, 198], "excluded_lines": [], "start_line": 195}, "print_success": {"executed_lines": [], "summary": {"covered_lines": 0, "num_statements": 1, "percent_covered": 0.0, "percent_covered_display": "0", "missing_lines": 1, "excluded_lines": 0, "percent_statements_covered": 0.0, "percent_statements_covered_display": "0"}, "missing_lines": [203], "excluded_lines": [], "start_line": 201}, "print_error": {"executed_lines": [], "summary": {"covered_lines": 0, "num_statements": 1, "percent_covered": 0.0, "percent_covered_display": "0", "missing_lines": 1, "excluded_lines": 0, "percent_statements_covered": 0.0, "percent_statements_covered_display": "0"}, "missing_lines": [208], "excluded_lines": [], "start_line": 206}, "print_warning": {"executed_lines": [], "summary": {"covered_lines": 0, "num_statements": 1, "percent_covered": 0.0, "percent_covered_display": "0", "missing_lines": 1, "excluded_lines": 0, "percent_statements_covered": 0.0, "percent_statements_covered_display": "0"}, "missing_lines": [213], "excluded_lines": [], "start_line": 211}, "print_info": {"executed_lines": [], "summary": {"covered_lines": 0, "num_statements": 1, "percent_covered": 0.0, "percent_covered_display": "0", "missing_lines": 1, "excluded_lines": 0, "percent_statements_covered": 0.0, "percent_statements_covered_display": "0"}, "missing_lines": [218], "excluded_lines": [], "start_line": 216}, "print_header": {"executed_lines": [], "summary": {"covered_lines": 0, "num_statements": 2, "percent_covered": 0.0, "percent_covered_display": "0", "missing_lines": 2, "excluded_lines": 0, "percent_statements_covered": 0.0, "percent_statements_covered_display": "0"}, "missing_lines": [223, 224], "excluded_lines": [], "start_line": 221}, "print_muted": {"executed_lines": [], "summary": {"covered_lines": 0, "num_statements": 2, "percent_covered": 0.0, "percent_covered_display": "0", "missing_lines": 2, "excluded_lines": 0, "percent_statements_covered": 0.0, "percent_statements_covered_display": "0"}, "missing_lines": [229, 230], "excluded_lines": [], "start_line": 227}, "status_style": {"executed_lines": [], "summary": {"covered_lines": 0, "num_statements": 10, "percent_covered": 0.0, "percent_covered_display": "0", "missing_lines": 10, "excluded_lines": 0, "percent_statements_covered": 0.0, "percent_statements_covered_display": "0"}, "missing_lines": [238, 239, 240, 241, 242, 243, 244, 245, 246, 247], "excluded_lines": [], "start_line": 236}, "": {"executed_lines": [8, 10, 11, 12, 13, 15, 16, 17, 18, 26, 27, 28, 32, 46, 69, 72, 80, 90, 112, 131, 152, 164, 173, 192, 195, 201, 206, 211, 216, 221, 227, 236], "summary": {"covered_lines": 32, "num_statements": 32, "percent_covered": 100.0, "percent_covered_display": "100", "missing_lines": 0, "excluded_lines": 0, "percent_statements_covered": 100.0, "percent_statements_covered_display": "100"}, "missing_lines": [], "excluded_lines": [], "start_line": 1}}, "classes": {"": {"executed_lines": [8, 10, 11, 12, 13, 15, 16, 17, 18, 26, 27, 28, 32, 46, 69, 72, 80, 90, 112, 131, 152, 164, 173, 192, 195, 201, 206, 211, 216, 221, 227, 236], "summary": {"covered_lines": 32, "num_statements": 80, "percent_covered": 40.0, "percent_covered_display": "40", "missing_lines": 48, "excluded_lines": 1, "percent_statements_covered": 40.0, "percent_statements_covered_display": "40"}, "missing_lines": [56, 57, 58, 75, 76, 77, 83, 84, 99, 101, 102, 103, 104, 105, 106, 121, 140, 141, 142, 143, 144, 145, 146, 160, 161, 166, 167, 178, 197, 198, 203, 208, 213, 218, 223, 224, 229, 230, 238, 239, 240, 241, 242, 243, 244, 245, 246, 247], "excluded_lines": [91], "start_line": 1}}}, "siglab/cli/sodex.py": {"executed_lines": [3, 5, 6, 7, 8, 10, 11, 13, 20, 21, 22, 29, 30, 31, 32, 35, 36, 37, 38, 39, 40, 43, 95, 113, 150, 214, 218], "summary": {"covered_lines": 27, "num_statements": 165, "percent_covered": 16.363636363636363, "percent_covered_display": "16", "missing_lines": 138, "excluded_lines": 0, "percent_statements_covered": 16.363636363636363, "percent_statements_covered_display": "16"}, "missing_lines": [45, 46, 49, 50, 51, 52, 55, 56, 57, 58, 59, 60, 61, 62, 63, 64, 67, 68, 73, 74, 75, 76, 77, 78, 79, 80, 81, 82, 83, 84, 85, 86, 87, 88, 89, 90, 91, 92, 96, 97, 98, 99, 100, 101, 102, 103, 104, 105, 106, 107, 108, 109, 110, 114, 115, 116, 122, 123, 124, 129, 130, 131, 132, 133, 134, 135, 136, 137, 138, 139, 140, 141, 142, 143, 144, 145, 146, 147, 151, 152, 153, 154, 155, 156, 157, 158, 166, 173, 174, 175, 176, 177, 178, 179, 180, 182, 183, 184, 185, 186, 187, 188, 193, 194, 195, 196, 197, 198, 199, 200, 201, 202, 203, 204, 206, 207, 208, 209, 210, 211, 215, 220, 228, 229, 241, 242, 243, 248, 249, 250, 253, 254, 255, 256, 257, 262, 267, 273], "excluded_lines": [], "functions": {"add_subparser": {"executed_lines": [], "summary": {"covered_lines": 0, "num_statements": 38, "percent_covered": 0.0, "percent_covered_display": "0", "missing_lines": 38, "excluded_lines": 0, "percent_statements_covered": 0.0, "percent_statements_covered_display": "0"}, "missing_lines": [45, 46, 49, 50, 51, 52, 55, 56, 57, 58, 59, 60, 61, 62, 63, 64, 67, 68, 73, 74, 75, 76, 77, 78, 79, 80, 81, 82, 83, 84, 85, 86, 87, 88, 89, 90, 91, 92], "excluded_lines": [], "start_line": 43}, "run_sodex_preflight": {"executed_lines": [], "summary": {"covered_lines": 0, "num_statements": 15, "percent_covered": 0.0, "percent_covered_display": "0", "missing_lines": 15, "excluded_lines": 0, "percent_statements_covered": 0.0, "percent_statements_covered_display": "0"}, "missing_lines": [96, 97, 98, 99, 100, 101, 102, 103, 104, 105, 106, 107, 108, 109, 110], "excluded_lines": [], "start_line": 95}, "run_valuechain_preflight": {"executed_lines": [], "summary": {"covered_lines": 0, "num_statements": 25, "percent_covered": 0.0, "percent_covered_display": "0", "missing_lines": 25, "excluded_lines": 0, "percent_statements_covered": 0.0, "percent_statements_covered_display": "0"}, "missing_lines": [114, 115, 116, 122, 123, 124, 129, 130, 131, 132, 133, 134, 135, 136, 137, 138, 139, 140, 141, 142, 143, 144, 145, 146, 147], "excluded_lines": [], "start_line": 113}, "run_sodex_ws_probe": {"executed_lines": [], "summary": {"covered_lines": 0, "num_statements": 42, "percent_covered": 0.0, "percent_covered_display": "0", "missing_lines": 42, "excluded_lines": 0, "percent_statements_covered": 0.0, "percent_statements_covered_display": "0"}, "missing_lines": [151, 152, 153, 154, 155, 156, 157, 158, 166, 173, 174, 175, 176, 177, 178, 179, 180, 182, 183, 184, 185, 186, 187, 188, 193, 194, 195, 196, 197, 198, 199, 200, 201, 202, 203, 204, 206, 207, 208, 209, 210, 211], "excluded_lines": [], "start_line": 150}, "run_sodex_preview": {"executed_lines": [], "summary": {"covered_lines": 0, "num_statements": 1, "percent_covered": 0.0, "percent_covered_display": "0", "missing_lines": 1, "excluded_lines": 0, "percent_statements_covered": 0.0, "percent_statements_covered_display": "0"}, "missing_lines": [215], "excluded_lines": [], "start_line": 214}, "_sodex_preview_payload": {"executed_lines": [], "summary": {"covered_lines": 0, "num_statements": 17, "percent_covered": 0.0, "percent_covered_display": "0", "missing_lines": 17, "excluded_lines": 0, "percent_statements_covered": 0.0, "percent_statements_covered_display": "0"}, "missing_lines": [220, 228, 229, 241, 242, 243, 248, 249, 250, 253, 254, 255, 256, 257, 262, 267, 273], "excluded_lines": [], "start_line": 218}, "": {"executed_lines": [3, 5, 6, 7, 8, 10, 11, 13, 20, 21, 22, 29, 30, 31, 32, 35, 36, 37, 38, 39, 40, 43, 95, 113, 150, 214, 218], "summary": {"covered_lines": 27, "num_statements": 27, "percent_covered": 100.0, "percent_covered_display": "100", "missing_lines": 0, "excluded_lines": 0, "percent_statements_covered": 100.0, "percent_statements_covered_display": "100"}, "missing_lines": [], "excluded_lines": [], "start_line": 1}}, "classes": {"": {"executed_lines": [3, 5, 6, 7, 8, 10, 11, 13, 20, 21, 22, 29, 30, 31, 32, 35, 36, 37, 38, 39, 40, 43, 95, 113, 150, 214, 218], "summary": {"covered_lines": 27, "num_statements": 165, "percent_covered": 16.363636363636363, "percent_covered_display": "16", "missing_lines": 138, "excluded_lines": 0, "percent_statements_covered": 16.363636363636363, "percent_statements_covered_display": "16"}, "missing_lines": [45, 46, 49, 50, 51, 52, 55, 56, 57, 58, 59, 60, 61, 62, 63, 64, 67, 68, 73, 74, 75, 76, 77, 78, 79, 80, 81, 82, 83, 84, 85, 86, 87, 88, 89, 90, 91, 92, 96, 97, 98, 99, 100, 101, 102, 103, 104, 105, 106, 107, 108, 109, 110, 114, 115, 116, 122, 123, 124, 129, 130, 131, 132, 133, 134, 135, 136, 137, 138, 139, 140, 141, 142, 143, 144, 145, 146, 147, 151, 152, 153, 154, 155, 156, 157, 158, 166, 173, 174, 175, 176, 177, 178, 179, 180, 182, 183, 184, 185, 186, 187, 188, 193, 194, 195, 196, 197, 198, 199, 200, 201, 202, 203, 204, 206, 207, 208, 209, 210, 211, 215, 220, 228, 229, 241, 242, 243, 248, 249, 250, 253, 254, 255, 256, 257, 262, 267, 273], "excluded_lines": [], "start_line": 1}}}, "siglab/cli/telemetry.py": {"executed_lines": [3, 5, 6, 7, 9, 10, 11, 14, 38, 48, 82, 93], "summary": {"covered_lines": 12, "num_statements": 60, "percent_covered": 20.0, "percent_covered_display": "20", "missing_lines": 48, "excluded_lines": 0, "percent_statements_covered": 20.0, "percent_statements_covered_display": "20"}, "missing_lines": [24, 25, 26, 27, 28, 35, 39, 43, 44, 45, 49, 50, 55, 59, 63, 64, 66, 67, 68, 69, 70, 71, 72, 73, 74, 75, 76, 77, 78, 79, 83, 84, 85, 86, 87, 89, 90, 94, 95, 96, 97, 98, 99, 100, 101, 102, 103, 104], "excluded_lines": [], "functions": {"build_telemetry_payload": {"executed_lines": [], "summary": {"covered_lines": 0, "num_statements": 6, "percent_covered": 0.0, "percent_covered_display": "0", "missing_lines": 6, "excluded_lines": 0, "percent_statements_covered": 0.0, "percent_statements_covered_display": "0"}, "missing_lines": [24, 25, 26, 27, 28, 35], "excluded_lines": [], "start_line": 14}, "add_subparser": {"executed_lines": [], "summary": {"covered_lines": 0, "num_statements": 4, "percent_covered": 0.0, "percent_covered_display": "0", "missing_lines": 4, "excluded_lines": 0, "percent_statements_covered": 0.0, "percent_statements_covered_display": "0"}, "missing_lines": [39, 43, 44, 45], "excluded_lines": [], "start_line": 38}, "run_command": {"executed_lines": [], "summary": {"covered_lines": 0, "num_statements": 20, "percent_covered": 0.0, "percent_covered_display": "0", "missing_lines": 20, "excluded_lines": 0, "percent_statements_covered": 0.0, "percent_statements_covered_display": "0"}, "missing_lines": [49, 50, 55, 59, 63, 64, 66, 67, 68, 69, 70, 71, 72, 73, 74, 75, 76, 77, 78, 79], "excluded_lines": [], "start_line": 48}, "trace_paths_for_telemetry": {"executed_lines": [], "summary": {"covered_lines": 0, "num_statements": 7, "percent_covered": 0.0, "percent_covered_display": "0", "missing_lines": 7, "excluded_lines": 0, "percent_statements_covered": 0.0, "percent_statements_covered_display": "0"}, "missing_lines": [83, 84, 85, 86, 87, 89, 90], "excluded_lines": [], "start_line": 82}, "provider_metric_paths_for_telemetry": {"executed_lines": [], "summary": {"covered_lines": 0, "num_statements": 11, "percent_covered": 0.0, "percent_covered_display": "0", "missing_lines": 11, "excluded_lines": 0, "percent_statements_covered": 0.0, "percent_statements_covered_display": "0"}, "missing_lines": [94, 95, 96, 97, 98, 99, 100, 101, 102, 103, 104], "excluded_lines": [], "start_line": 93}, "": {"executed_lines": [3, 5, 6, 7, 9, 10, 11, 14, 38, 48, 82, 93], "summary": {"covered_lines": 12, "num_statements": 12, "percent_covered": 100.0, "percent_covered_display": "100", "missing_lines": 0, "excluded_lines": 0, "percent_statements_covered": 100.0, "percent_statements_covered_display": "100"}, "missing_lines": [], "excluded_lines": [], "start_line": 1}}, "classes": {"": {"executed_lines": [3, 5, 6, 7, 9, 10, 11, 14, 38, 48, 82, 93], "summary": {"covered_lines": 12, "num_statements": 60, "percent_covered": 20.0, "percent_covered_display": "20", "missing_lines": 48, "excluded_lines": 0, "percent_statements_covered": 20.0, "percent_statements_covered_display": "20"}, "missing_lines": [24, 25, 26, 27, 28, 35, 39, 43, 44, 45, 49, 50, 55, 59, 63, 64, 66, 67, 68, 69, 70, 71, 72, 73, 74, 75, 76, 77, 78, 79, 83, 84, 85, 86, 87, 89, 90, 94, 95, 96, 97, 98, 99, 100, 101, 102, 103, 104], "excluded_lines": [], "start_line": 1}}}, "siglab/config.py": {"executed_lines": [1, 3, 4, 5, 6, 8, 9, 12, 26, 27, 28, 29, 30, 31, 32, 33, 34, 35, 36, 37, 38, 39, 40, 41, 42, 43, 44, 45, 46, 47, 48, 49, 50, 51, 52, 53, 54, 55, 56, 57, 58, 59, 60, 61, 62, 63, 64, 65, 66, 67, 68, 69, 70, 71, 72, 73, 74, 75, 76, 77, 78, 80, 87], "summary": {"covered_lines": 63, "num_statements": 117, "percent_covered": 53.84615384615385, "percent_covered_display": "54", "missing_lines": 54, "excluded_lines": 0, "percent_statements_covered": 53.84615384615385, "percent_statements_covered_display": "54"}, "missing_lines": [13, 14, 16, 17, 18, 19, 20, 21, 22, 23, 81, 82, 83, 84, 88, 89, 90, 91, 92, 93, 94, 96, 97, 98, 99, 101, 102, 104, 105, 106, 107, 108, 110, 111, 115, 116, 117, 118, 119, 120, 122, 123, 124, 125, 126, 127, 128, 129, 130, 131, 132, 134, 136, 137], "excluded_lines": [], "functions": {"_read_env_file": {"executed_lines": [], "summary": {"covered_lines": 0, "num_statements": 10, "percent_covered": 0.0, "percent_covered_display": "0", "missing_lines": 10, "excluded_lines": 0, "percent_statements_covered": 0.0, "percent_statements_covered_display": "0"}, "missing_lines": [13, 14, 16, 17, 18, 19, 20, 21, 22, 23], "excluded_lines": [], "start_line": 12}, "SiglabConfig.ensure_runtime_directories": {"executed_lines": [], "summary": {"covered_lines": 0, "num_statements": 4, "percent_covered": 0.0, "percent_covered_display": "0", "missing_lines": 4, "excluded_lines": 0, "percent_statements_covered": 0.0, "percent_statements_covered_display": "0"}, "missing_lines": [81, 82, 83, 84], "excluded_lines": [], "start_line": 80}, "load_settings": {"executed_lines": [], "summary": {"covered_lines": 0, "num_statements": 33, "percent_covered": 0.0, "percent_covered_display": "0", "missing_lines": 33, "excluded_lines": 0, "percent_statements_covered": 0.0, "percent_statements_covered_display": "0"}, "missing_lines": [88, 89, 90, 91, 92, 93, 94, 96, 98, 101, 104, 110, 111, 115, 116, 117, 118, 119, 120, 122, 123, 124, 125, 126, 127, 128, 129, 130, 131, 132, 134, 136, 137], "excluded_lines": [], "start_line": 87}, "load_settings._get": {"executed_lines": [], "summary": {"covered_lines": 0, "num_statements": 1, "percent_covered": 0.0, "percent_covered_display": "0", "missing_lines": 1, "excluded_lines": 0, "percent_statements_covered": 0.0, "percent_statements_covered_display": "0"}, "missing_lines": [102], "excluded_lines": [], "start_line": 101}, "load_settings._get_bool": {"executed_lines": [], "summary": {"covered_lines": 0, "num_statements": 4, "percent_covered": 0.0, "percent_covered_display": "0", "missing_lines": 4, "excluded_lines": 0, "percent_statements_covered": 0.0, "percent_statements_covered_display": "0"}, "missing_lines": [105, 106, 107, 108], "excluded_lines": [], "start_line": 104}, "": {"executed_lines": [1, 3, 4, 5, 6, 8, 9, 12, 26, 27, 28, 29, 30, 31, 32, 33, 34, 35, 36, 37, 38, 39, 40, 41, 42, 43, 44, 45, 46, 47, 48, 49, 50, 51, 52, 53, 54, 55, 56, 57, 58, 59, 60, 61, 62, 63, 64, 65, 66, 67, 68, 69, 70, 71, 72, 73, 74, 75, 76, 77, 78, 80, 87], "summary": {"covered_lines": 63, "num_statements": 63, "percent_covered": 100.0, "percent_covered_display": "100", "missing_lines": 0, "excluded_lines": 0, "percent_statements_covered": 100.0, "percent_statements_covered_display": "100"}, "missing_lines": [], "excluded_lines": [], "start_line": 1}}, "classes": {"SiglabConfig": {"executed_lines": [], "summary": {"covered_lines": 0, "num_statements": 4, "percent_covered": 0.0, "percent_covered_display": "0", "missing_lines": 4, "excluded_lines": 0, "percent_statements_covered": 0.0, "percent_statements_covered_display": "0"}, "missing_lines": [81, 82, 83, 84], "excluded_lines": [], "start_line": 27}, "": {"executed_lines": [1, 3, 4, 5, 6, 8, 9, 12, 26, 27, 28, 29, 30, 31, 32, 33, 34, 35, 36, 37, 38, 39, 40, 41, 42, 43, 44, 45, 46, 47, 48, 49, 50, 51, 52, 53, 54, 55, 56, 57, 58, 59, 60, 61, 62, 63, 64, 65, 66, 67, 68, 69, 70, 71, 72, 73, 74, 75, 76, 77, 78, 80, 87], "summary": {"covered_lines": 63, "num_statements": 113, "percent_covered": 55.75221238938053, "percent_covered_display": "56", "missing_lines": 50, "excluded_lines": 0, "percent_statements_covered": 55.75221238938053, "percent_statements_covered_display": "56"}, "missing_lines": [13, 14, 16, 17, 18, 19, 20, 21, 22, 23, 88, 89, 90, 91, 92, 93, 94, 96, 97, 98, 99, 101, 102, 104, 105, 106, 107, 108, 110, 111, 115, 116, 117, 118, 119, 120, 122, 123, 124, 125, 126, 127, 128, 129, 130, 131, 132, 134, 136, 137], "excluded_lines": [], "start_line": 1}}}, "siglab/dashboard/__init__.py": {"executed_lines": [3, 5], "summary": {"covered_lines": 2, "num_statements": 2, "percent_covered": 100.0, "percent_covered_display": "100", "missing_lines": 0, "excluded_lines": 0, "percent_statements_covered": 100.0, "percent_statements_covered_display": "100"}, "missing_lines": [], "excluded_lines": [], "functions": {"": {"executed_lines": [3, 5], "summary": {"covered_lines": 2, "num_statements": 2, "percent_covered": 100.0, "percent_covered_display": "100", "missing_lines": 0, "excluded_lines": 0, "percent_statements_covered": 100.0, "percent_statements_covered_display": "100"}, "missing_lines": [], "excluded_lines": [], "start_line": 1}}, "classes": {"": {"executed_lines": [3, 5], "summary": {"covered_lines": 2, "num_statements": 2, "percent_covered": 100.0, "percent_covered_display": "100", "missing_lines": 0, "excluded_lines": 0, "percent_statements_covered": 100.0, "percent_statements_covered_display": "100"}, "missing_lines": [], "excluded_lines": [], "start_line": 1}}}, "siglab/dashboard/app.py": {"executed_lines": [8, 10, 11, 12, 13, 14, 15, 17, 18, 19, 20, 21, 23, 24, 25, 26, 29, 37, 61, 64, 69, 72, 77, 80, 85, 86, 90, 91, 163, 169, 177, 178, 179, 188, 190, 191, 196, 198, 199, 203, 204, 208, 209, 213, 214, 219, 220, 222, 225], "summary": {"covered_lines": 49, "num_statements": 121, "percent_covered": 40.49586776859504, "percent_covered_display": "40", "missing_lines": 72, "excluded_lines": 2, "percent_statements_covered": 40.49586776859504, "percent_statements_covered_display": "40"}, "missing_lines": [38, 39, 52, 53, 54, 55, 58, 65, 66, 67, 70, 73, 74, 75, 78, 81, 82, 83, 87, 93, 94, 95, 96, 97, 99, 109, 110, 112, 113, 114, 116, 117, 118, 121, 122, 125, 127, 128, 129, 130, 131, 132, 134, 136, 137, 138, 139, 140, 141, 143, 145, 146, 147, 148, 149, 150, 151, 152, 153, 155, 156, 157, 159, 160, 200, 201, 205, 206, 210, 211, 215, 216], "excluded_lines": [133, 142], "functions": {"SecurityHeadersMiddleware.dispatch": {"executed_lines": [], "summary": {"covered_lines": 0, "num_statements": 7, "percent_covered": 0.0, "percent_covered_display": "0", "missing_lines": 7, "excluded_lines": 0, "percent_statements_covered": 0.0, "percent_statements_covered_display": "0"}, "missing_lines": [38, 39, 52, 53, 54, 55, 58], "excluded_lines": [], "start_line": 37}, "WebSocketManager.__init__": {"executed_lines": [], "summary": {"covered_lines": 0, "num_statements": 3, "percent_covered": 0.0, "percent_covered_display": "0", "missing_lines": 3, "excluded_lines": 0, "percent_statements_covered": 0.0, "percent_statements_covered_display": "0"}, "missing_lines": [65, 66, 67], "excluded_lines": [], "start_line": 64}, "WebSocketManager.register": {"executed_lines": [], "summary": {"covered_lines": 0, "num_statements": 1, "percent_covered": 0.0, "percent_covered_display": "0", "missing_lines": 1, "excluded_lines": 0, "percent_statements_covered": 0.0, "percent_statements_covered_display": "0"}, "missing_lines": [70], "excluded_lines": [], "start_line": 69}, "WebSocketManager.unregister": {"executed_lines": [], "summary": {"covered_lines": 0, "num_statements": 3, "percent_covered": 0.0, "percent_covered_display": "0", "missing_lines": 3, "excluded_lines": 0, "percent_statements_covered": 0.0, "percent_statements_covered_display": "0"}, "missing_lines": [73, 74, 75], "excluded_lines": [], "start_line": 72}, "WebSocketManager.subscribe": {"executed_lines": [], "summary": {"covered_lines": 0, "num_statements": 1, "percent_covered": 0.0, "percent_covered_display": "0", "missing_lines": 1, "excluded_lines": 0, "percent_statements_covered": 0.0, "percent_statements_covered_display": "0"}, "missing_lines": [78], "excluded_lines": [], "start_line": 77}, "WebSocketManager.unsubscribe": {"executed_lines": [], "summary": {"covered_lines": 0, "num_statements": 3, "percent_covered": 0.0, "percent_covered_display": "0", "missing_lines": 3, "excluded_lines": 0, "percent_statements_covered": 0.0, "percent_statements_covered_display": "0"}, "missing_lines": [81, 82, 83], "excluded_lines": [], "start_line": 80}, "WebSocketManager.active_count": {"executed_lines": [], "summary": {"covered_lines": 0, "num_statements": 1, "percent_covered": 0.0, "percent_covered_display": "0", "missing_lines": 1, "excluded_lines": 0, "percent_statements_covered": 0.0, "percent_statements_covered_display": "0"}, "missing_lines": [87], "excluded_lines": [], "start_line": 86}, "lifespan": {"executed_lines": [], "summary": {"covered_lines": 0, "num_statements": 25, "percent_covered": 0.0, "percent_covered_display": "0", "missing_lines": 25, "excluded_lines": 0, "percent_statements_covered": 0.0, "percent_statements_covered_display": "0"}, "missing_lines": [93, 94, 95, 96, 97, 99, 109, 110, 112, 113, 114, 116, 117, 118, 121, 122, 125, 127, 136, 145, 155, 156, 157, 159, 160], "excluded_lines": [], "start_line": 91}, "lifespan._jinja2_format_number": {"executed_lines": [], "summary": {"covered_lines": 0, "num_statements": 6, "percent_covered": 0.0, "percent_covered_display": "0", "missing_lines": 6, "excluded_lines": 1, "percent_statements_covered": 0.0, "percent_statements_covered_display": "0"}, "missing_lines": [128, 129, 130, 131, 132, 134], "excluded_lines": [133], "start_line": 127}, "lifespan._jinja2_format_pct": {"executed_lines": [], "summary": {"covered_lines": 0, "num_statements": 6, "percent_covered": 0.0, "percent_covered_display": "0", "missing_lines": 6, "excluded_lines": 1, "percent_statements_covered": 0.0, "percent_statements_covered_display": "0"}, "missing_lines": [137, 138, 139, 140, 141, 143], "excluded_lines": [142], "start_line": 136}, "lifespan._jinja2_format_dt": {"executed_lines": [], "summary": {"covered_lines": 0, "num_statements": 8, "percent_covered": 0.0, "percent_covered_display": "0", "missing_lines": 8, "excluded_lines": 0, "percent_statements_covered": 0.0, "percent_statements_covered_display": "0"}, "missing_lines": [146, 147, 148, 149, 150, 151, 152, 153], "excluded_lines": [], "start_line": 145}, "create_app": {"executed_lines": [169, 177, 178, 179, 188, 190, 191, 196, 198, 199, 203, 204, 208, 209, 213, 214, 219, 220, 222], "summary": {"covered_lines": 19, "num_statements": 19, "percent_covered": 100.0, "percent_covered_display": "100", "missing_lines": 0, "excluded_lines": 0, "percent_statements_covered": 100.0, "percent_statements_covered_display": "100"}, "missing_lines": [], "excluded_lines": [], "start_line": 163}, "create_app.serve_dashboard": {"executed_lines": [], "summary": {"covered_lines": 0, "num_statements": 2, "percent_covered": 0.0, "percent_covered_display": "0", "missing_lines": 2, "excluded_lines": 0, "percent_statements_covered": 0.0, "percent_statements_covered_display": "0"}, "missing_lines
[...]
e": 113}, "FilterableListWidget.render": {"executed_lines": [], "summary": {"covered_lines": 0, "num_statements": 9, "percent_covered": 0.0, "percent_covered_display": "0", "missing_lines": 9, "excluded_lines": 0, "percent_statements_covered": 0.0, "percent_statements_covered_display": "0"}, "missing_lines": [120, 121, 122, 123, 124, 125, 126, 127, 128], "excluded_lines": [], "start_line": 119}, "FilterableListWidget._render_item": {"executed_lines": [], "summary": {"covered_lines": 0, "num_statements": 1, "percent_covered": 0.0, "percent_covered_display": "0", "missing_lines": 1, "excluded_lines": 0, "percent_statements_covered": 0.0, "percent_statements_covered_display": "0"}, "missing_lines": [132], "excluded_lines": [], "start_line": 130}, "ComparisonWidget.set_items": {"executed_lines": [], "summary": {"covered_lines": 0, "num_statements": 1, "percent_covered": 0.0, "percent_covered_display": "0", "missing_lines": 1, "excluded_lines": 0, "percent_statements_covered": 0.0, "percent_statements_covered_display": "0"}, "missing_lines": [157], "excluded_lines": [], "start_line": 155}, "ComparisonWidget.render": {"executed_lines": [], "summary": {"covered_lines": 0, "num_statements": 49, "percent_covered": 0.0, "percent_covered_display": "0", "missing_lines": 49, "excluded_lines": 1, "percent_statements_covered": 0.0, "percent_statements_covered_display": "0"}, "missing_lines": [160, 162, 163, 165, 166, 167, 169, 170, 173, 174, 175, 176, 177, 178, 179, 180, 181, 182, 185, 186, 187, 189, 190, 191, 192, 193, 195, 196, 197, 198, 199, 200, 202, 203, 204, 206, 207, 210, 211, 212, 213, 214, 215, 220, 221, 224, 225, 226, 228], "excluded_lines": [201], "start_line": 159}, "ComparisonWidget._get_item_name": {"executed_lines": [], "summary": {"covered_lines": 0, "num_statements": 1, "percent_covered": 0.0, "percent_covered_display": "0", "missing_lines": 1, "excluded_lines": 0, "percent_statements_covered": 0.0, "percent_statements_covered_display": "0"}, "missing_lines": [232], "excluded_lines": [], "start_line": 230}, "ComparisonWidget._render_extra": {"executed_lines": [], "summary": {"covered_lines": 0, "num_statements": 1, "percent_covered": 0.0, "percent_covered_display": "0", "missing_lines": 1, "excluded_lines": 0, "percent_statements_covered": 0.0, "percent_statements_covered_display": "0"}, "missing_lines": [236], "excluded_lines": [], "start_line": 234}, "": {"executed_lines": [7, 9, 11, 12, 13, 15, 18, 33, 36, 38, 39, 41, 49, 54, 59, 67, 76, 80, 85, 94, 109, 113, 119, 130, 135, 142, 149, 150, 151, 153, 155, 159, 230, 234], "summary": {"covered_lines": 34, "num_statements": 34, "percent_covered": 100.0, "percent_covered_display": "100", "missing_lines": 0, "excluded_lines": 1, "percent_statements_covered": 100.0, "percent_statements_covered_display": "100"}, "missing_lines": [], "excluded_lines": [19], "start_line": 1}}, "classes": {"FilterableListWidget": {"executed_lines": [], "summary": {"covered_lines": 0, "num_statements": 50, "percent_covered": 0.0, "percent_covered_display": "0", "missing_lines": 50, "excluded_lines": 1, "percent_statements_covered": 0.0, "percent_statements_covered_display": "0"}, "missing_lines": [42, 43, 44, 45, 51, 52, 56, 57, 61, 62, 63, 64, 65, 69, 70, 71, 72, 77, 78, 81, 82, 83, 87, 88, 89, 90, 96, 97, 98, 99, 100, 101, 102, 103, 104, 105, 106, 107, 111, 115, 120, 121, 122, 123, 124, 125, 126, 127, 128, 132], "excluded_lines": [60], "start_line": 18}, "ComparisonWidget": {"executed_lines": [], "summary": {"covered_lines": 0, "num_statements": 52, "percent_covered": 0.0, "percent_covered_display": "0", "missing_lines": 52, "excluded_lines": 1, "percent_statements_covered": 0.0, "percent_statements_covered_display": "0"}, "missing_lines": [157, 160, 162, 163, 165, 166, 167, 169, 170, 173, 174, 175, 176, 177, 178, 179, 180, 181, 182, 185, 186, 187, 189, 190, 191, 192, 193, 195, 196, 197, 198, 199, 200, 202, 203, 204, 206, 207, 210, 211, 212, 213, 214, 215, 220, 221, 224, 225, 226, 228, 232, 236], "excluded_lines": [201], "start_line": 135}, "": {"executed_lines": [7, 9, 11, 12, 13, 15, 18, 33, 36, 38, 39, 41, 49, 54, 59, 67, 76, 80, 85, 94, 109, 113, 119, 130, 135, 142, 149, 150, 151, 153, 155, 159, 230, 234], "summary": {"covered_lines": 34, "num_statements": 34, "percent_covered": 100.0, "percent_covered_display": "100", "missing_lines": 0, "excluded_lines": 1, "percent_statements_covered": 100.0, "percent_statements_covered_display": "100"}, "missing_lines": [], "excluded_lines": [19], "start_line": 1}}}, "siglab/tui/widgets/sparkline.py": {"executed_lines": [7, 9, 11, 12, 13, 15, 18, 21, 104, 127, 130, 132, 134, 142, 146, 149], "summary": {"covered_lines": 16, "num_statements": 67, "percent_covered": 23.880597014925375, "percent_covered_display": "24", "missing_lines": 51, "excluded_lines": 0, "percent_statements_covered": 23.880597014925375, "percent_statements_covered_display": "24"}, "missing_lines": [49, 50, 52, 56, 57, 58, 59, 60, 61, 62, 63, 64, 65, 68, 69, 70, 71, 73, 75, 76, 77, 78, 79, 80, 81, 84, 85, 86, 88, 89, 90, 91, 93, 95, 96, 97, 98, 99, 101, 117, 118, 119, 120, 121, 122, 123, 124, 143, 144, 147, 156], "excluded_lines": [], "functions": {"sparkline_text": {"executed_lines": [], "summary": {"covered_lines": 0, "num_statements": 39, "percent_covered": 0.0, "percent_covered_display": "0", "missing_lines": 39, "excluded_lines": 0, "percent_statements_covered": 0.0, "percent_statements_covered_display": "0"}, "missing_lines": [49, 50, 52, 56, 57, 58, 59, 60, 61, 62, 63, 64, 65, 68, 69, 70, 71, 73, 75, 76, 77, 78, 79, 80, 81, 84, 85, 86, 88, 89, 90, 91, 93, 95, 96, 97, 98, 99, 101], "excluded_lines": [], "start_line": 21}, "ohlc_summary": {"executed_lines": [], "summary": {"covered_lines": 0, "num_statements": 8, "percent_covered": 0.0, "percent_covered_display": "0", "missing_lines": 8, "excluded_lines": 0, "percent_statements_covered": 0.0, "percent_statements_covered_display": "0"}, "missing_lines": [117, 118, 119, 120, 121, 122, 123, 124], "excluded_lines": [], "start_line": 104}, "SparklineWidget.__init__": {"executed_lines": [], "summary": {"covered_lines": 0, "num_statements": 2, "percent_covered": 0.0, "percent_covered_display": "0", "missing_lines": 2, "excluded_lines": 0, "percent_statements_covered": 0.0, "percent_statements_covered_display": "0"}, "missing_lines": [143, 144], "excluded_lines": [], "start_line": 142}, "SparklineWidget.render": {"executed_lines": [], "summary": {"covered_lines": 0, "num_statements": 1, "percent_covered": 0.0, "percent_covered_display": "0", "missing_lines": 1, "excluded_lines": 0, "percent_statements_covered": 0.0, "percent_statements_covered_display": "0"}, "missing_lines": [147], "excluded_lines": [], "start_line": 146}, "SparklineWidget.set_values": {"executed_lines": [], "summary": {"covered_lines": 0, "num_statements": 1, "percent_covered": 0.0, "percent_covered_display": "0", "missing_lines": 1, "excluded_lines": 0, "percent_statements_covered": 0.0, "percent_statements_covered_display": "0"}, "missing_lines": [156], "excluded_lines": [], "start_line": 149}, "": {"executed_lines": [7, 9, 11, 12, 13, 15, 18, 21, 104, 127, 130, 132, 134, 142, 146, 149], "summary": {"covered_lines": 16, "num_statements": 16, "percent_covered": 100.0, "percent_covered_display": "100", "missing_lines": 0, "excluded_lines": 0, "percent_statements_covered": 100.0, "percent_statements_covered_display": "100"}, "missing_lines": [], "excluded_lines": [], "start_line": 1}}, "classes": {"SparklineWidget": {"executed_lines": [], "summary": {"covered_lines": 0, "num_statements": 4, "percent_covered": 0.0, "percent_covered_display": "0", "missing_lines": 4, "excluded_lines": 0, "percent_statements_covered": 0.0, "percent_statements_covered_display": "0"}, "missing_lines": [143, 144, 147, 156], "excluded_lines": [], "start_line": 127}, "": {"executed_lines": [7, 9, 11, 12, 13, 15, 18, 21, 104, 127, 130, 132, 134, 142, 146, 149], "summary": {"covered_lines": 16, "num_statements": 63, "percent_covered": 25.396825396825395, "percent_covered_display": "25", "missing_lines": 47, "excluded_lines": 0, "percent_statements_covered": 25.396825396825395, "percent_statements_covered_display": "25"}, "missing_lines": [49, 50, 52, 56, 57, 58, 59, 60, 61, 62, 63, 64, 65, 68, 69, 70, 71, 73, 75, 76, 77, 78, 79, 80, 81, 84, 85, 86, 88, 89, 90, 91, 93, 95, 96, 97, 98, 99, 101, 117, 118, 119, 120, 121, 122, 123, 124], "excluded_lines": [], "start_line": 1}}}, "siglab/tui/widgets/status_bar.py": {"executed_lines": [6, 8, 9, 11, 12, 13, 14, 15, 17, 20, 25, 27, 56, 57, 68, 73, 77, 96], "summary": {"covered_lines": 18, "num_statements": 38, "percent_covered": 47.36842105263158, "percent_covered_display": "47", "missing_lines": 20, "excluded_lines": 0, "percent_statements_covered": 47.36842105263158, "percent_statements_covered_display": "47"}, "missing_lines": [63, 64, 65, 66, 69, 70, 71, 74, 75, 78, 79, 80, 82, 88, 90, 92, 93, 94, 102, 103], "excluded_lines": [], "functions": {"SigLabStatusBar.__init__": {"executed_lines": [], "summary": {"covered_lines": 0, "num_statements": 4, "percent_covered": 0.0, "percent_covered_display": "0", "missing_lines": 4, "excluded_lines": 0, "percent_statements_covered": 0.0, "percent_statements_covered_display": "0"}, "missing_lines": [63, 64, 65, 66], "excluded_lines": [], "start_line": 57}, "SigLabStatusBar.compose": {"executed_lines": [], "summary": {"covered_lines": 0, "num_statements": 3, "percent_covered": 0.0, "percent_covered_display": "0", "missing_lines": 3, "excluded_lines": 0, "percent_statements_covered": 0.0, "percent_statements_covered_display": "0"}, "missing_lines": [69, 70, 71], "excluded_lines": [], "start_line": 68}, "SigLabStatusBar.on_mount": {"executed_lines": [], "summary": {"covered_lines": 0, "num_statements": 2, "percent_covered": 0.0, "percent_covered_display": "0", "missing_lines": 2, "excluded_lines": 0, "percent_statements_covered": 0.0, "percent_statements_covered_display": "0"}, "missing_lines": [74, 75], "excluded_lines": [], "start_line": 73}, "SigLabStatusBar._update_display": {"executed_lines": [], "summary": {"covered_lines": 0, "num_statements": 9, "percent_covered": 0.0, "percent_covered_display": "0", "missing_lines": 9, "excluded_lines": 0, "percent_statements_covered": 0.0, "percent_statements_covered_display": "0"}, "missing_lines": [78, 79, 80, 82, 88, 90, 92, 93, 94], "excluded_lines": [], "start_line": 77}, "SigLabStatusBar.set_connected": {"executed_lines": [], "summary": {"covered_lines": 0, "num_statements": 2, "percent_covered": 0.0, "percent_covered_display": "0", "missing_lines": 2, "excluded_lines": 0, "percent_statements_covered": 0.0, "percent_statements_covered_display": "0"}, "missing_lines": [102, 103], "excluded_lines": [], "start_line": 96}, "": {"executed_lines": [6, 8, 9, 11, 12, 13, 14, 15, 17, 20, 25, 27, 56, 57, 68, 73, 77, 96], "summary": {"covered_lines": 18, "num_statements": 18, "percent_covered": 100.0, "percent_covered_display": "100", "missing_lines": 0, "excluded_lines": 0, "percent_statements_covered": 100.0, "percent_statements_covered_display": "100"}, "missing_lines": [], "excluded_lines": [], "start_line": 1}}, "classes": {"SigLabStatusBar": {"executed_lines": [], "summary": {"covered_lines": 0, "num_statements": 20, "percent_covered": 0.0, "percent_covered_display": "0", "missing_lines": 20, "excluded_lines": 0, "percent_statements_covered": 0.0, "percent_statements_covered_display": "0"}, "missing_lines": [63, 64, 65, 66, 69, 70, 71, 74, 75, 78, 79, 80, 82, 88, 90, 92, 93, 94, 102, 103], "excluded_lines": [], "start_line": 20}, "": {"executed_lines": [6, 8, 9, 11, 12, 13, 14, 15, 17, 20, 25, 27, 56, 57, 68, 73, 77, 96], "summary": {"covered_lines": 18, "num_statements": 18, "percent_covered": 100.0, "percent_covered_display": "100", "missing_lines": 0, "excluded_lines": 0, "percent_statements_covered": 100.0, "percent_statements_covered_display": "100"}, "missing_lines": [], "excluded_lines": [], "start_line": 1}}}, "siglab/utils.py": {"executed_lines": [1, 3, 4, 5, 9, 41, 59, 67, 70, 76, 81, 88, 95, 108, 114, 140], "summary": {"covered_lines": 16, "num_statements": 99, "percent_covered": 16.161616161616163, "percent_covered_display": "16", "missing_lines": 83, "excluded_lines": 0, "percent_statements_covered": 16.161616161616163, "percent_statements_covered_display": "16"}, "missing_lines": [23, 24, 25, 26, 27, 28, 30, 31, 32, 34, 35, 37, 38, 48, 49, 50, 51, 52, 53, 54, 55, 56, 61, 62, 63, 64, 72, 73, 78, 82, 83, 84, 85, 89, 90, 91, 92, 96, 97, 98, 99, 100, 101, 102, 103, 104, 105, 109, 110, 111, 112, 115, 116, 117, 118, 119, 120, 121, 122, 123, 124, 125, 126, 127, 128, 129, 130, 131, 132, 133, 134, 135, 136, 137, 141, 142, 143, 144, 145, 146, 147, 148, 149], "excluded_lines": [], "functions": {"percentile": {"executed_lines": [], "summary": {"covered_lines": 0, "num_statements": 13, "percent_covered": 0.0, "percent_covered_display": "0", "missing_lines": 13, "excluded_lines": 0, "percent_statements_covered": 0.0, "percent_statements_covered_display": "0"}, "missing_lines": [23, 24, 25, 26, 27, 28, 30, 31, 32, 34, 35, 37, 38], "excluded_lines": [], "start_line": 9}, "safe_float": {"executed_lines": [], "summary": {"covered_lines": 0, "num_statements": 9, "percent_covered": 0.0, "percent_covered_display": "0", "missing_lines": 9, "excluded_lines": 0, "percent_statements_covered": 0.0, "percent_statements_covered_display": "0"}, "missing_lines": [48, 49, 50, 51, 52, 53, 54, 55, 56], "excluded_lines": [], "start_line": 41}, "int_or_zero": {"executed_lines": [], "summary": {"covered_lines": 0, "num_statements": 4, "percent_covered": 0.0, "percent_covered_display": "0", "missing_lines": 4, "excluded_lines": 0, "percent_statements_covered": 0.0, "percent_statements_covered_display": "0"}, "missing_lines": [61, 62, 63, 64], "excluded_lines": [], "start_line": 59}, "feature_hash": {"executed_lines": [], "summary": {"covered_lines": 0, "num_statements": 2, "percent_covered": 0.0, "percent_covered_display": "0", "missing_lines": 2, "excluded_lines": 0, "percent_statements_covered": 0.0, "percent_statements_covered_display": "0"}, "missing_lines": [72, 73], "excluded_lines": [], "start_line": 70}, "short_hash": {"executed_lines": [], "summary": {"covered_lines": 0, "num_statements": 1, "percent_covered": 0.0, "percent_covered_display": "0", "missing_lines": 1, "excluded_lines": 0, "percent_statements_covered": 0.0, "percent_statements_covered_display": "0"}, "missing_lines": [78], "excluded_lines": [], "start_line": 76}, "_get_url": {"executed_lines": [], "summary": {"covered_lines": 0, "num_statements": 4, "percent_covered": 0.0, "percent_covered_display": "0", "missing_lines": 4, "excluded_lines": 0, "percent_statements_covered": 0.0, "percent_statements_covered_display": "0"}, "missing_lines": [82, 83, 84, 85], "excluded_lines": [], "start_line": 81}, "_post_url": {"executed_lines": [], "summary": {"covered_lines": 0, "num_statements": 4, "percent_covered": 0.0, "percent_covered_display": "0", "missing_lines": 4, "excluded_lines": 0, "percent_statements_covered": 0.0, "percent_statements_covered_display": "0"}, "missing_lines": [89, 90, 91, 92], "excluded_lines": [], "start_line": 88}, "run_with_backoff": {"executed_lines": [], "summary": {"covered_lines": 0, "num_statements": 10, "percent_covered": 0.0, "percent_covered_display": "0", "missing_lines": 10, "excluded_lines": 0, "percent_statements_covered": 0.0, "percent_statements_covered_display": "0"}, "missing_lines": [96, 97, 98, 99, 100, 101, 102, 103, 104, 105], "excluded_lines": [], "start_line": 95}, "async_limiter_call": {"executed_lines": [], "summary": {"covered_lines": 0, "num_statements": 4, "percent_covered": 0.0, "percent_covered_display": "0", "missing_lines": 4, "excluded_lines": 0, "percent_statements_covered": 0.0, "percent_statements_covered_display": "0"}, "missing_lines": [109, 110, 111, 112], "excluded_lines": [], "start_line": 108}, "decode_status_error": {"executed_lines": [], "summary": {"covered_lines": 0, "num_statements": 23, "percent_covered": 0.0, "percent_covered_display": "0", "missing_lines": 23, "excluded_lines": 0, "percent_statements_covered": 0.0, "percent_statements_covered_display": "0"}, "missing_lines": [115, 116, 117, 118, 119, 120, 121, 122, 123, 124, 125, 126, 127, 128, 129, 130, 131, 132, 133, 134, 135, 136, 137], "excluded_lines": [], "start_line": 114}, "decode_json_envelope": {"executed_lines": [], "summary": {"covered_lines": 0, "num_statements": 9, "percent_covered": 0.0, "percent_covered_display": "0", "missing_lines": 9, "excluded_lines": 0, "percent_statements_covered": 0.0, "percent_statements_covered_display": "0"}, "missing_lines": [141, 142, 143, 144, 145, 146, 147, 148, 149], "excluded_lines": [], "start_line": 140}, "": {"executed_lines": [1, 3, 4, 5, 9, 41, 59, 67, 70, 76, 81, 88, 95, 108, 114, 140], "summary": {"covered_lines": 16, "num_statements": 16, "percent_covered": 100.0, "percent_covered_display": "100", "missing_lines": 0, "excluded_lines": 0, "percent_statements_covered": 100.0, "percent_statements_covered_display": "100"}, "missing_lines": [], "excluded_lines": [], "start_line": 1}}, "classes": {"": {"executed_lines": [1, 3, 4, 5, 9, 41, 59, 67, 70, 76, 81, 88, 95, 108, 114, 140], "summary": {"covered_lines": 16, "num_statements": 99, "percent_covered": 16.161616161616163, "percent_covered_display": "16", "missing_lines": 83, "excluded_lines": 0, "percent_statements_covered": 16.161616161616163, "percent_statements_covered_display": "16"}, "missing_lines": [23, 24, 25, 26, 27, 28, 30, 31, 32, 34, 35, 37, 38, 48, 49, 50, 51, 52, 53, 54, 55, 56, 61, 62, 63, 64, 72, 73, 78, 82, 83, 84, 85, 89, 90, 91, 92, 96, 97, 98, 99, 100, 101, 102, 103, 104, 105, 109, 110, 111, 112, 115, 116, 117, 118, 119, 120, 121, 122, 123, 124, 125, 126, 127, 128, 129, 130, 131, 132, 133, 134, 135, 136, 137, 141, 142, 143, 144, 145, 146, 147, 148, 149], "excluded_lines": [], "start_line": 1}}}, "siglab/visualization.py": {"executed_lines": [], "summary": {"covered_lines": 0, "num_statements": 36, "percent_covered": 0.0, "percent_covered_display": "0", "missing_lines": 36, "excluded_lines": 0, "percent_statements_covered": 0.0, "percent_statements_covered_display": "0"}, "missing_lines": [6, 8, 9, 10, 13, 31, 32, 33, 34, 35, 37, 38, 39, 41, 42, 43, 44, 45, 47, 48, 49, 50, 51, 53, 54, 61, 72, 73, 76, 77, 78, 82, 84, 85, 86, 87], "excluded_lines": [], "functions": {"write_evidence_graph_html": {"executed_lines": [], "summary": {"covered_lines": 0, "num_statements": 31, "percent_covered": 0.0, "percent_covered_display": "0", "missing_lines": 31, "excluded_lines": 0, "percent_statements_covered": 0.0, "percent_statements_covered_display": "0"}, "missing_lines": [31, 32, 33, 34, 35, 37, 38, 39, 41, 42, 43, 44, 45, 47, 48, 49, 50, 51, 53, 54, 61, 72, 73, 76, 77, 78, 82, 84, 85, 86, 87], "excluded_lines": [], "start_line": 13}, "": {"executed_lines": [], "summary": {"covered_lines": 0, "num_statements": 5, "percent_covered": 0.0, "percent_covered_display": "0", "missing_lines": 5, "excluded_lines": 0, "percent_statements_covered": 0.0, "percent_statements_covered_display": "0"}, "missing_lines": [6, 8, 9, 10, 13], "excluded_lines": [], "start_line": 1}}, "classes": {"": {"executed_lines": [], "summary": {"covered_lines": 0, "num_statements": 36, "percent_covered": 0.0, "percent_covered_display": "0", "missing_lines": 36, "excluded_lines": 0, "percent_statements_covered": 0.0, "percent_statements_covered_display": "0"}, "missing_lines": [6, 8, 9, 10, 13, 31, 32, 33, 34, 35, 37, 38, 39, 41, 42, 43, 44, 45, 47, 48, 49, 50, 51, 53, 54, 61, 72, 73, 76, 77, 78, 82, 84, 85, 86, 87], "excluded_lines": [], "start_line": 1}}}}, "totals": {"covered_lines": 2654, "num_statements": 13476, "percent_covered": 19.694271297120807, "percent_covered_display": "20", "missing_lines": 10822, "excluded_lines": 204, "percent_statements_covered": 19.694271297120807, "percent_statements_covered_display": "20"}}